-- Found ament_cmake: 1.3.2 (/opt/ros/humble/share/ament_cmake/cmake)
-- Configuring done
-- Generating done
-- Build files have been written to: /home/carl/nao_bot/build/naoqi_libqi
[35m[1mConsolidate compiler generated dependencies of target qi[0m
[  1%] [32mBuilding CXX object CMakeFiles/qi.dir/src/dlfcn.cpp.o[0m
[  2%] [32mBuilding CXX object CMakeFiles/qi.dir/src/path.cpp.o[0m
[  3%] [32mBuilding CXX object CMakeFiles/qi.dir/src/application.cpp.o[0m
[  4%] [32mBuilding CXX object CMakeFiles/qi.dir/src/buffer.cpp.o[0m
[  5%] [32mBuilding CXX object CMakeFiles/qi.dir/src/bufferreader.cpp.o[0m
[  7%] [32mBuilding CXX object CMakeFiles/qi.dir/src/clock.cpp.o[0m
[  8%] [32mBuilding CXX object CMakeFiles/qi.dir/src/future.cpp.o[0m
[  9%] [32mBuilding CXX object CMakeFiles/qi.dir/src/log.cpp.o[0m
[ 10%] [32mBuilding CXX object CMakeFiles/qi.dir/src/consoleloghandler.cpp.o[0m
[ 11%] [32mBuilding CXX object CMakeFiles/qi.dir/src/fileloghandler.cpp.o[0m
[ 13%] [32mBuilding CXX object CMakeFiles/qi.dir/src/csvloghandler.cpp.o[0m
[ 14%] [32mBuilding CXX object CMakeFiles/qi.dir/src/headfileloghandler.cpp.o[0m
[ 15%] [32mBuilding CXX object CMakeFiles/qi.dir/src/tailfileloghandler.cpp.o[0m
[ 16%] [32mBuilding CXX object CMakeFiles/qi.dir/src/locale-light.cpp.o[0m
[ 17%] [32mBuilding CXX object CMakeFiles/qi.dir/src/os.cpp.o[0m
[ 19%] [32mBuilding CXX object CMakeFiles/qi.dir/src/path_conf.cpp.o[0m
[ 20%] [32mBuilding CXX object CMakeFiles/qi.dir/src/periodictask.cpp.o[0m
[ 21%] [32mBuilding CXX object CMakeFiles/qi.dir/src/print.cpp.o[0m
[ 22%] [32mBuilding CXX object CMakeFiles/qi.dir/src/utils.cpp.o[0m
[ 23%] [32mBuilding CXX object CMakeFiles/qi.dir/src/eventloop.cpp.o[0m
[ 25%] [32mBuilding CXX object CMakeFiles/qi.dir/src/sdklayout-boost.cpp.o[0m
