[0.238s] DEBUG:colcon:Command line arguments: ['/usr/bin/colcon', 'build', '--packages-select', 'py_demo']
[0.238s] DEBUG:colcon:Parsed command line arguments: Namespace(log_base=None, log_level=None, verb_name='build', build_base='build', install_base='install', merge_install=False, symlink_install=False, test_result_base=None, continue_on_error=False, executor='parallel', parallel_workers=12, event_handlers=None, ignore_user_meta=False, metas=['./colcon.meta'], base_paths=['.'], packages_ignore=None, packages_ignore_regex=None, paths=None, packages_up_to=None, packages_up_to_regex=None, packages_above=None, packages_above_and_dependencies=None, packages_above_depth=None, packages_select_by_dep=None, packages_skip_by_dep=None, packages_skip_up_to=None, packages_select_build_failed=False, packages_skip_build_finished=False, packages_select_test_failures=False, packages_skip_test_passed=False, packages_select=['py_demo'], packages_skip=None, packages_select_regex=None, packages_skip_regex=None, packages_start=None, packages_end=None, allow_overriding=[], cmake_args=None, cmake_target=None, cmake_target_skip_unavailable=False, cmake_clean_cache=False, cmake_clean_first=False, cmake_force_configure=False, ament_cmake_args=None, catkin_cmake_args=None, catkin_skip_building_tests=False, verb_parser=<colcon_defaults.argument_parser.defaults.DefaultArgumentsDecorator object at 0x7f9f48c08340>, verb_extension=<colcon_core.verb.build.BuildVerb object at 0x7f9f49588550>, main=<bound method BuildVerb.main of <colcon_core.verb.build.BuildVerb object at 0x7f9f49588550>>)
[0.257s] Level 1:colcon.colcon_core.package_discovery:discover_packages(colcon_meta) check parameters
[0.257s] Level 1:colcon.colcon_core.package_discovery:discover_packages(recursive) check parameters
[0.257s] Level 1:colcon.colcon_core.package_discovery:discover_packages(ignore) check parameters
[0.257s] Level 1:colcon.colcon_core.package_discovery:discover_packages(path) check parameters
[0.257s] Level 1:colcon.colcon_core.package_discovery:discover_packages(colcon_meta) discover
[0.257s] Level 1:colcon.colcon_core.package_discovery:discover_packages(recursive) discover
[0.257s] INFO:colcon.colcon_core.package_discovery:Crawling recursively for packages in '/home/carl/docker_nao/undergraduate-ros-project'
[0.257s] Level 1:colcon.colcon_core.package_identification:_identify(.) by extensions ['ignore', 'ignore_ament_install']
[0.257s] Level 1:colcon.colcon_core.package_identification:_identify(.) by extension 'ignore'
[0.257s] Level 1:colcon.colcon_core.package_identification:_identify(.) by extension 'ignore_ament_install'
[0.257s] Level 1:colcon.colcon_core.package_identification:_identify(.) by extensions ['colcon_pkg']
[0.257s] Level 1:colcon.colcon_core.package_identification:_identify(.) by extension 'colcon_pkg'
[0.257s] Level 1:colcon.colcon_core.package_identification:_identify(.) by extensions ['colcon_meta']
[0.257s] Level 1:colcon.colcon_core.package_identification:_identify(.) by extension 'colcon_meta'
[0.257s] Level 1:colcon.colcon_core.package_identification:_identify(.) by extensions ['ros']
[0.257s] Level 1:colcon.colcon_core.package_identification:_identify(.) by extension 'ros'
[0.271s] Level 1:colcon.colcon_core.package_identification:_identify(.) by extensions ['cmake', 'python']
[0.271s] Level 1:colcon.colcon_core.package_identification:_identify(.) by extension 'cmake'
[0.271s] Level 1:colcon.colcon_core.package_identification:_identify(.) by extension 'python'
[0.271s] Level 1:colcon.colcon_core.package_identification:_identify(.) by extensions ['python_setup_py']
[0.271s] Level 1:colcon.colcon_core.package_identification:_identify(.) by extension 'python_setup_py'
[0.272s] Level 1:colcon.colcon_core.package_identification:_identify(build) by extensions ['ignore', 'ignore_ament_install']
[0.272s] Level 1:colcon.colcon_core.package_identification:_identify(build) by extension 'ignore'
[0.272s] Level 1:colcon.colcon_core.package_identification:_identify(build) ignored
[0.272s] Level 1:colcon.colcon_core.package_identification:_identify(docker) by extensions ['ignore', 'ignore_ament_install']
[0.272s] Level 1:colcon.colcon_core.package_identification:_identify(docker) by extension 'ignore'
[0.272s] Level 1:colcon.colcon_core.package_identification:_identify(docker) by extension 'ignore_ament_install'
[0.272s] Level 1:colcon.colcon_core.package_identification:_identify(docker) by extensions ['colcon_pkg']
[0.272s] Level 1:colcon.colcon_core.package_identification:_identify(docker) by extension 'colcon_pkg'
[0.272s] Level 1:colcon.colcon_core.package_identification:_identify(docker) by extensions ['colcon_meta']
[0.272s] Level 1:colcon.colcon_core.package_identification:_identify(docker) by extension 'colcon_meta'
[0.272s] Level 1:colcon.colcon_core.package_identification:_identify(docker) by extensions ['ros']
[0.272s] Level 1:colcon.colcon_core.package_identification:_identify(docker) by extension 'ros'
[0.272s] Level 1:colcon.colcon_core.package_identification:_identify(docker) by extensions ['cmake', 'python']
[0.272s] Level 1:colcon.colcon_core.package_identification:_identify(docker) by extension 'cmake'
[0.272s] Level 1:colcon.colcon_core.package_identification:_identify(docker) by extension 'python'
[0.272s] Level 1:colcon.colcon_core.package_identification:_identify(docker) by extensions ['python_setup_py']
[0.272s] Level 1:colcon.colcon_core.package_identification:_identify(docker) by extension 'python_setup_py'
[0.272s] Level 1:colcon.colcon_core.package_identification:_identify(install) by extensions ['ignore', 'ignore_ament_install']
[0.272s] Level 1:colcon.colcon_core.package_identification:_identify(install) by extension 'ignore'
[0.272s] Level 1:colcon.colcon_core.package_identification:_identify(install) ignored
[0.273s] Level 1:colcon.colcon_core.package_identification:_identify(log) by extensions ['ignore', 'ignore_ament_install']
[0.273s] Level 1:colcon.colcon_core.package_identification:_identify(log) by extension 'ignore'
[0.273s] Level 1:colcon.colcon_core.package_identification:_identify(log) ignored
[0.273s] Level 1:colcon.colcon_core.package_identification:_identify(src) by extensions ['ignore', 'ignore_ament_install']
[0.273s] Level 1:colcon.colcon_core.package_identification:_identify(src) by extension 'ignore'
[0.273s] Level 1:colcon.colcon_core.package_identification:_identify(src) by extension 'ignore_ament_install'
[0.273s] Level 1:colcon.colcon_core.package_identification:_identify(src) by extensions ['colcon_pkg']
[0.273s] Level 1:colcon.colcon_core.package_identification:_identify(src) by extension 'colcon_pkg'
[0.273s] Level 1:colcon.colcon_core.package_identification:_identify(src) by extensions ['colcon_meta']
[0.273s] Level 1:colcon.colcon_core.package_identification:_identify(src) by extension 'colcon_meta'
[0.273s] Level 1:colcon.colcon_core.package_identification:_identify(src) by extensions ['ros']
[0.273s] Level 1:colcon.colcon_core.package_identification:_identify(src) by extension 'ros'
[0.273s] Level 1:colcon.colcon_core.package_identification:_identify(src) by extensions ['cmake', 'python']
[0.273s] Level 1:colcon.colcon_core.package_identification:_identify(src) by extension 'cmake'
[0.273s] Level 1:colcon.colcon_core.package_identification:_identify(src) by extension 'python'
[0.273s] Level 1:colcon.colcon_core.package_identification:_identify(src) by extensions ['python_setup_py']
[0.273s] Level 1:colcon.colcon_core.package_identification:_identify(src) by extension 'python_setup_py'
[0.273s] Level 1:colcon.colcon_core.package_identification:_identify(src/cpp) by extensions ['ignore', 'ignore_ament_install']
[0.273s] Level 1:colcon.colcon_core.package_identification:_identify(src/cpp) by extension 'ignore'
[0.273s] Level 1:colcon.colcon_core.package_identification:_identify(src/cpp) by extension 'ignore_ament_install'
[0.273s] Level 1:colcon.colcon_core.package_identification:_identify(src/cpp) by extensions ['colcon_pkg']
[0.273s] Level 1:colcon.colcon_core.package_identification:_identify(src/cpp) by extension 'colcon_pkg'
[0.273s] Level 1:colcon.colcon_core.package_identification:_identify(src/cpp) by extensions ['colcon_meta']
[0.274s] Level 1:colcon.colcon_core.package_identification:_identify(src/cpp) by extension 'colcon_meta'
[0.274s] Level 1:colcon.colcon_core.package_identification:_identify(src/cpp) by extensions ['ros']
[0.274s] Level 1:colcon.colcon_core.package_identification:_identify(src/cpp) by extension 'ros'
[0.275s] DEBUG:colcon.colcon_core.package_identification:Package 'src/cpp' with type 'ros.ament_cmake' and name 'cpp'
[0.275s] Level 1:colcon.colcon_core.package_identification:_identify(src/demo) by extensions ['ignore', 'ignore_ament_install']
[0.276s] Level 1:colcon.colcon_core.package_identification:_identify(src/demo) by extension 'ignore'
[0.276s] Level 1:colcon.colcon_core.package_identification:_identify(src/demo) by extension 'ignore_ament_install'
[0.276s] Level 1:colcon.colcon_core.package_identification:_identify(src/demo) by extensions ['colcon_pkg']
[0.276s] Level 1:colcon.colcon_core.package_identification:_identify(src/demo) by extension 'colcon_pkg'
[0.276s] Level 1:colcon.colcon_core.package_identification:_identify(src/demo) by extensions ['colcon_meta']
[0.276s] Level 1:colcon.colcon_core.package_identification:_identify(src/demo) by extension 'colcon_meta'
[0.276s] Level 1:colcon.colcon_core.package_identification:_identify(src/demo) by extensions ['ros']
[0.276s] Level 1:colcon.colcon_core.package_identification:_identify(src/demo) by extension 'ros'
[0.276s] Level 1:colcon.colcon_core.package_identification:_identify(src/demo) by extensions ['cmake', 'python']
[0.276s] Level 1:colcon.colcon_core.package_identification:_identify(src/demo) by extension 'cmake'
[0.277s] Level 1:colcon.colcon_core.package_identification:_identify(src/demo) by extension 'python'
[0.277s] DEBUG:colcon.colcon_core.package_identification:Package 'src/demo' with type 'cmake' and name 'demo'
[0.277s] Level 1:colcon.colcon_core.package_identification:_identify(src/py_demo) by extensions ['ignore', 'ignore_ament_install']
[0.277s] Level 1:colcon.colcon_core.package_identification:_identify(src/py_demo) by extension 'ignore'
[0.277s] Level 1:colcon.colcon_core.package_identification:_identify(src/py_demo) by extension 'ignore_ament_install'
[0.277s] Level 1:colcon.colcon_core.package_identification:_identify(src/py_demo) by extensions ['colcon_pkg']
[0.277s] Level 1:colcon.colcon_core.package_identification:_identify(src/py_demo) by extension 'colcon_pkg'
[0.277s] Level 1:colcon.colcon_core.package_identification:_identify(src/py_demo) by extensions ['colcon_meta']
[0.277s] Level 1:colcon.colcon_core.package_identification:_identify(src/py_demo) by extension 'colcon_meta'
[0.277s] Level 1:colcon.colcon_core.package_identification:_identify(src/py_demo) by extensions ['ros']
[0.277s] Level 1:colcon.colcon_core.package_identification:_identify(src/py_demo) by extension 'ros'
[0.277s] DEBUG:colcon.colcon_core.package_identification:Package 'src/py_demo' with type 'ros.ament_python' and name 'py_demo'
[0.278s] Level 1:colcon.colcon_core.package_discovery:discover_packages(recursive) using defaults
[0.278s] Level 1:colcon.colcon_core.package_discovery:discover_packages(ignore) discover
[0.278s] Level 1:colcon.colcon_core.package_discovery:discover_packages(ignore) using defaults
[0.278s] Level 1:colcon.colcon_core.package_discovery:discover_packages(path) discover
[0.278s] Level 1:colcon.colcon_core.package_discovery:discover_packages(path) using defaults
[0.295s] INFO:colcon.colcon_core.package_selection:Skipping not selected package 'cpp' in 'src/cpp'
[0.295s] INFO:colcon.colcon_core.package_selection:Skipping not selected package 'demo' in 'src/demo'
[0.296s] Level 1:colcon.colcon_core.package_discovery:discover_packages(prefix_path) check parameters
[0.296s] Level 1:colcon.colcon_core.package_discovery:discover_packages(prefix_path) discover
[0.298s] DEBUG:colcon.colcon_installed_package_information.package_discovery:Found 3 installed packages in /home/carl/docker_nao/undergraduate-ros-project/install
[0.299s] DEBUG:colcon.colcon_installed_package_information.package_discovery:Found 305 installed packages in /opt/ros/humble
[0.301s] Level 1:colcon.colcon_core.package_discovery:discover_packages(prefix_path) using defaults
[0.355s] Level 5:colcon.colcon_core.verb:set package 'py_demo' build argument 'cmake_args' from command line to 'None'
[0.355s] Level 5:colcon.colcon_core.verb:set package 'py_demo' build argument 'cmake_target' from command line to 'None'
[0.355s] Level 5:colcon.colcon_core.verb:set package 'py_demo' build argument 'cmake_target_skip_unavailable' from command line to 'False'
[0.355s] Level 5:colcon.colcon_core.verb:set package 'py_demo' build argument 'cmake_clean_cache' from command line to 'False'
[0.355s] Level 5:colcon.colcon_core.verb:set package 'py_demo' build argument 'cmake_clean_first' from command line to 'False'
[0.355s] Level 5:colcon.colcon_core.verb:set package 'py_demo' build argument 'cmake_force_configure' from command line to 'False'
[0.355s] Level 5:colcon.colcon_core.verb:set package 'py_demo' build argument 'ament_cmake_args' from command line to 'None'
[0.355s] Level 5:colcon.colcon_core.verb:set package 'py_demo' build argument 'catkin_cmake_args' from command line to 'None'
[0.355s] Level 5:colcon.colcon_core.verb:set package 'py_demo' build argument 'catkin_skip_building_tests' from command line to 'False'
[0.355s] DEBUG:colcon.colcon_core.verb:Building package 'py_demo' with the following arguments: {'ament_cmake_args': None, 'build_base': '/home/carl/docker_nao/undergraduate-ros-project/build/py_demo', 'catkin_cmake_args': None, 'catkin_skip_building_tests': False, 'cmake_args': None, 'cmake_clean_cache': False, 'cmake_clean_first': False, 'cmake_force_configure': False, 'cmake_target': None, 'cmake_target_skip_unavailable': False, 'install_base': '/home/carl/docker_nao/undergraduate-ros-project/install/py_demo', 'merge_install': False, 'path': '/home/carl/docker_nao/undergraduate-ros-project/src/py_demo', 'symlink_install': False, 'test_result_base': None}
[0.356s] INFO:colcon.colcon_core.executor:Executing jobs using 'parallel' executor
[0.359s] DEBUG:colcon.colcon_parallel_executor.executor.parallel:run_until_complete
[0.359s] INFO:colcon.colcon_ros.task.ament_python.build:Building ROS package in '/home/carl/docker_nao/undergraduate-ros-project/src/py_demo' with build type 'ament_python'
[0.359s] Level 1:colcon.colcon_core.shell:create_environment_hook('py_demo', 'ament_prefix_path')
[0.363s] INFO:colcon.colcon_core.plugin_system:Skipping extension 'colcon_core.shell.bat': Not used on non-Windows systems
[0.363s] INFO:colcon.colcon_core.shell:Creating environment hook '/home/carl/docker_nao/undergraduate-ros-project/install/py_demo/share/py_demo/hook/ament_prefix_path.ps1'
[0.364s] INFO:colcon.colcon_core.shell:Creating environment descriptor '/home/carl/docker_nao/undergraduate-ros-project/install/py_demo/share/py_demo/hook/ament_prefix_path.dsv'
[0.364s] INFO:colcon.colcon_core.shell:Creating environment hook '/home/carl/docker_nao/undergraduate-ros-project/install/py_demo/share/py_demo/hook/ament_prefix_path.sh'
[0.366s] INFO:colcon.colcon_core.shell:Skip shell extension 'powershell' for command environment: Not usable outside of PowerShell
[0.366s] DEBUG:colcon.colcon_core.shell:Skip shell extension 'dsv' for command environment
[0.566s] INFO:colcon.colcon_core.task.python.build:Building Python package in '/home/carl/docker_nao/undergraduate-ros-project/src/py_demo'
[0.567s] INFO:colcon.colcon_core.shell:Skip shell extension 'powershell' for command environment: Not usable outside of PowerShell
[0.567s] DEBUG:colcon.colcon_core.shell:Skip shell extension 'dsv' for command environment
[0.823s] DEBUG:colcon.colcon_core.event_handler.log_command:Invoking command in '/home/carl/docker_nao/undergraduate-ros-project/src/py_demo': PYTHONPATH=/home/carl/docker_nao/undergraduate-ros-project/install/py_demo/lib/python3.10/site-packages:${PYTHONPATH} /usr/bin/python3 setup.py egg_info --egg-base ../../build/py_demo build --build-base /home/carl/docker_nao/undergraduate-ros-project/build/py_demo/build install --prefix /home/carl/docker_nao/undergraduate-ros-project/install/py_demo --record /home/carl/docker_nao/undergraduate-ros-project/build/py_demo/install.log --single-version-externally-managed
[1.057s] DEBUG:colcon.colcon_core.event_handler.log_command:Invoked command in '/home/carl/docker_nao/undergraduate-ros-project/src/py_demo' returned '0': PYTHONPATH=/home/carl/docker_nao/undergraduate-ros-project/install/py_demo/lib/python3.10/site-packages:${PYTHONPATH} /usr/bin/python3 setup.py egg_info --egg-base ../../build/py_demo build --build-base /home/carl/docker_nao/undergraduate-ros-project/build/py_demo/build install --prefix /home/carl/docker_nao/undergraduate-ros-project/install/py_demo --record /home/carl/docker_nao/undergraduate-ros-project/build/py_demo/install.log --single-version-externally-managed
[1.060s] Level 1:colcon.colcon_core.environment:checking '/home/carl/docker_nao/undergraduate-ros-project/install/py_demo' for CMake module files
[1.061s] Level 1:colcon.colcon_core.environment:checking '/home/carl/docker_nao/undergraduate-ros-project/install/py_demo' for CMake config files
[1.061s] Level 1:colcon.colcon_core.environment:checking '/home/carl/docker_nao/undergraduate-ros-project/install/py_demo/lib'
[1.061s] Level 1:colcon.colcon_core.environment:checking '/home/carl/docker_nao/undergraduate-ros-project/install/py_demo/bin'
[1.061s] Level 1:colcon.colcon_core.environment:checking '/home/carl/docker_nao/undergraduate-ros-project/install/py_demo/lib/pkgconfig/py_demo.pc'
[1.061s] Level 1:colcon.colcon_core.environment:checking '/home/carl/docker_nao/undergraduate-ros-project/install/py_demo/lib/python3.10/site-packages'
[1.061s] Level 1:colcon.colcon_core.shell:create_environment_hook('py_demo', 'pythonpath')
[1.062s] INFO:colcon.colcon_core.shell:Creating environment hook '/home/carl/docker_nao/undergraduate-ros-project/install/py_demo/share/py_demo/hook/pythonpath.ps1'
[1.063s] INFO:colcon.colcon_core.shell:Creating environment descriptor '/home/carl/docker_nao/undergraduate-ros-project/install/py_demo/share/py_demo/hook/pythonpath.dsv'
[1.063s] INFO:colcon.colcon_core.shell:Creating environment hook '/home/carl/docker_nao/undergraduate-ros-project/install/py_demo/share/py_demo/hook/pythonpath.sh'
[1.063s] Level 1:colcon.colcon_core.environment:checking '/home/carl/docker_nao/undergraduate-ros-project/install/py_demo/bin'
[1.063s] Level 1:colcon.colcon_core.environment:create_environment_scripts_only(py_demo)
[1.064s] INFO:colcon.colcon_core.shell:Creating package script '/home/carl/docker_nao/undergraduate-ros-project/install/py_demo/share/py_demo/package.ps1'
[1.065s] INFO:colcon.colcon_core.shell:Creating package descriptor '/home/carl/docker_nao/undergraduate-ros-project/install/py_demo/share/py_demo/package.dsv'
[1.066s] INFO:colcon.colcon_core.shell:Creating package script '/home/carl/docker_nao/undergraduate-ros-project/install/py_demo/share/py_demo/package.sh'
[1.066s] INFO:colcon.colcon_core.shell:Creating package script '/home/carl/docker_nao/undergraduate-ros-project/install/py_demo/share/py_demo/package.bash'
[1.067s] INFO:colcon.colcon_core.shell:Creating package script '/home/carl/docker_nao/undergraduate-ros-project/install/py_demo/share/py_demo/package.zsh'
[1.067s] Level 1:colcon.colcon_core.environment:create_file_with_runtime_dependencies(/home/carl/docker_nao/undergraduate-ros-project/install/py_demo/share/colcon-core/packages/py_demo)
[1.067s] DEBUG:colcon.colcon_parallel_executor.executor.parallel:closing loop
[1.067s] DEBUG:colcon.colcon_parallel_executor.executor.parallel:loop closed
[1.067s] DEBUG:colcon.colcon_parallel_executor.executor.parallel:run_until_complete finished with '0'
[1.068s] DEBUG:colcon.colcon_core.event_reactor:joining thread
[1.074s] INFO:colcon.colcon_core.plugin_system:Skipping extension 'colcon_notification.desktop_notification.terminal_notifier': Not used on non-Darwin systems
[1.074s] INFO:colcon.colcon_core.plugin_system:Skipping extension 'colcon_notification.desktop_notification.win32': Not used on non-Windows systems
[1.074s] INFO:colcon.colcon_notification.desktop_notification:Sending desktop notification using 'notify2'
[1.082s] DEBUG:colcon.colcon_core.event_reactor:joined thread
[1.083s] INFO:colcon.colcon_core.shell:Creating prefix script '/home/carl/docker_nao/undergraduate-ros-project/install/local_setup.ps1'
[1.084s] INFO:colcon.colcon_core.shell:Creating prefix util module '/home/carl/docker_nao/undergraduate-ros-project/install/_local_setup_util_ps1.py'
[1.085s] INFO:colcon.colcon_core.shell:Creating prefix chain script '/home/carl/docker_nao/undergraduate-ros-project/install/setup.ps1'
[1.086s] INFO:colcon.colcon_core.shell:Creating prefix script '/home/carl/docker_nao/undergraduate-ros-project/install/local_setup.sh'
[1.087s] INFO:colcon.colcon_core.shell:Creating prefix util module '/home/carl/docker_nao/undergraduate-ros-project/install/_local_setup_util_sh.py'
[1.088s] INFO:colcon.colcon_core.shell:Creating prefix chain script '/home/carl/docker_nao/undergraduate-ros-project/install/setup.sh'
[1.089s] INFO:colcon.colcon_core.shell:Creating prefix script '/home/carl/docker_nao/undergraduate-ros-project/install/local_setup.bash'
[1.089s] INFO:colcon.colcon_core.shell:Creating prefix chain script '/home/carl/docker_nao/undergraduate-ros-project/install/setup.bash'
[1.090s] INFO:colcon.colcon_core.shell:Creating prefix script '/home/carl/docker_nao/undergraduate-ros-project/install/local_setup.zsh'
[1.091s] INFO:colcon.colcon_core.shell:Creating prefix chain script '/home/carl/docker_nao/undergraduate-ros-project/install/setup.zsh'
