[0.453s] Invoking command in '/home/carl/docker_nao/undergraduate-ros-project/src/demo_py': PYTHONPATH=/home/carl/docker_nao/undergraduate-ros-project/install/demo_py/lib/python3.10/site-packages:${PYTHONPATH} /usr/bin/python3 setup.py egg_info --egg-base ../../build/demo_py build --build-base /home/carl/docker_nao/undergraduate-ros-project/build/demo_py/build install --prefix /home/carl/docker_nao/undergraduate-ros-project/install/demo_py --record /home/carl/docker_nao/undergraduate-ros-project/build/demo_py/install.log --single-version-externally-managed
[0.633s] running egg_info
[0.634s] writing ../../build/demo_py/demo_py.egg-info/PKG-INFO
[0.634s] writing dependency_links to ../../build/demo_py/demo_py.egg-info/dependency_links.txt
[0.634s] writing entry points to ../../build/demo_py/demo_py.egg-info/entry_points.txt
[0.634s] writing requirements to ../../build/demo_py/demo_py.egg-info/requires.txt
[0.634s] writing top-level names to ../../build/demo_py/demo_py.egg-info/top_level.txt
[0.635s] reading manifest file '../../build/demo_py/demo_py.egg-info/SOURCES.txt'
[0.636s] writing manifest file '../../build/demo_py/demo_py.egg-info/SOURCES.txt'
[0.636s] running build
[0.636s] running build_py
[0.636s] copying demo_py/demo.py -> /home/carl/docker_nao/undergraduate-ros-project/build/demo_py/build/lib/demo_py
[0.637s] running install
[0.637s] /usr/lib/python3/dist-packages/setuptools/command/install.py:34: SetuptoolsDeprecationWarning: setup.py install is deprecated. Use build and pip and other standards-based tools.
[0.637s]   warnings.warn(
[0.637s] running install_lib
[0.638s] copying /home/carl/docker_nao/undergraduate-ros-project/build/demo_py/build/lib/demo_py/demo.py -> /home/carl/docker_nao/undergraduate-ros-project/install/demo_py/lib/python3.10/site-packages/demo_py
[0.638s] byte-compiling /home/carl/docker_nao/undergraduate-ros-project/install/demo_py/lib/python3.10/site-packages/demo_py/demo.py to demo.cpython-310.pyc
[0.638s] running install_data
[0.639s] running install_egg_info
[0.640s] removing '/home/carl/docker_nao/undergraduate-ros-project/install/demo_py/lib/python3.10/site-packages/demo_py-0.0.0-py3.10.egg-info' (and everything under it)
[0.640s] Copying ../../build/demo_py/demo_py.egg-info to /home/carl/docker_nao/undergraduate-ros-project/install/demo_py/lib/python3.10/site-packages/demo_py-0.0.0-py3.10.egg-info
[0.641s] running install_scripts
[0.656s] Installing pubsub script to /home/carl/docker_nao/undergraduate-ros-project/install/demo_py/lib/demo_py
[0.656s] writing list of installed files to '/home/carl/docker_nao/undergraduate-ros-project/build/demo_py/install.log'
[0.672s] Invoked command in '/home/carl/docker_nao/undergraduate-ros-project/src/demo_py' returned '0': PYTHONPATH=/home/carl/docker_nao/undergraduate-ros-project/install/demo_py/lib/python3.10/site-packages:${PYTHONPATH} /usr/bin/python3 setup.py egg_info --egg-base ../../build/demo_py build --build-base /home/carl/docker_nao/undergraduate-ros-project/build/demo_py/build install --prefix /home/carl/docker_nao/undergraduate-ros-project/install/demo_py --record /home/carl/docker_nao/undergraduate-ros-project/build/demo_py/install.log --single-version-externally-managed
