running egg_info
creating ../../build/py_demo/py_demo.egg-info
writing ../../build/py_demo/py_demo.egg-info/PKG-INFO
writing dependency_links to ../../build/py_demo/py_demo.egg-info/dependency_links.txt
writing entry points to ../../build/py_demo/py_demo.egg-info/entry_points.txt
writing requirements to ../../build/py_demo/py_demo.egg-info/requires.txt
writing top-level names to ../../build/py_demo/py_demo.egg-info/top_level.txt
writing manifest file '../../build/py_demo/py_demo.egg-info/SOURCES.txt'
reading manifest file '../../build/py_demo/py_demo.egg-info/SOURCES.txt'
writing manifest file '../../build/py_demo/py_demo.egg-info/SOURCES.txt'
running build
running build_py
creating /home/carl/docker_nao/undergraduate-ros-project/build/py_demo/build
creating /home/carl/docker_nao/undergraduate-ros-project/build/py_demo/build/lib
creating /home/carl/docker_nao/undergraduate-ros-project/build/py_demo/build/lib/py_demo
copying py_demo/__init__.py -> /home/carl/docker_nao/undergraduate-ros-project/build/py_demo/build/lib/py_demo
copying py_demo/demo.py -> /home/carl/docker_nao/undergraduate-ros-project/build/py_demo/build/lib/py_demo
running install
running install_lib
creating /home/carl/docker_nao/undergraduate-ros-project/install/py_demo/lib/python3.10/site-packages/py_demo
copying /home/carl/docker_nao/undergraduate-ros-project/build/py_demo/build/lib/py_demo/__init__.py -> /home/carl/docker_nao/undergraduate-ros-project/install/py_demo/lib/python3.10/site-packages/py_demo
copying /home/carl/docker_nao/undergraduate-ros-project/build/py_demo/build/lib/py_demo/demo.py -> /home/carl/docker_nao/undergraduate-ros-project/install/py_demo/lib/python3.10/site-packages/py_demo
byte-compiling /home/carl/docker_nao/undergraduate-ros-project/install/py_demo/lib/python3.10/site-packages/py_demo/__init__.py to __init__.cpython-310.pyc
byte-compiling /home/carl/docker_nao/undergraduate-ros-project/install/py_demo/lib/python3.10/site-packages/py_demo/demo.py to demo.cpython-310.pyc
running install_data
creating /home/carl/docker_nao/undergraduate-ros-project/install/py_demo/share/ament_index
creating /home/carl/docker_nao/undergraduate-ros-project/install/py_demo/share/ament_index/resource_index
creating /home/carl/docker_nao/undergraduate-ros-project/install/py_demo/share/ament_index/resource_index/packages
copying resource/py_demo -> /home/carl/docker_nao/undergraduate-ros-project/install/py_demo/share/ament_index/resource_index/packages
copying package.xml -> /home/carl/docker_nao/undergraduate-ros-project/install/py_demo/share/py_demo
running install_egg_info
Copying ../../build/py_demo/py_demo.egg-info to /home/carl/docker_nao/undergraduate-ros-project/install/py_demo/lib/python3.10/site-packages/py_demo-0.0.0-py3.10.egg-info
running install_scripts
Installing demo script to /home/carl/docker_nao/undergraduate-ros-project/install/py_demo/lib/py_demo
writing list of installed files to '/home/carl/docker_nao/undergraduate-ros-project/build/py_demo/install.log'
