[0.227s] DEBUG:colcon:Command line arguments: ['/usr/bin/colcon', 'build']
[0.227s] DEBUG:colcon:Parsed command line arguments: Namespace(log_base=None, log_level=None, verb_name='build', build_base='build', install_base='install', merge_install=False, symlink_install=False, test_result_base=None, continue_on_error=False, executor='parallel', parallel_workers=12, event_handlers=None, ignore_user_meta=False, metas=['./colcon.meta'], base_paths=['.'], packages_ignore=None, packages_ignore_regex=None, paths=None, packages_up_to=None, packages_up_to_regex=None, packages_above=None, packages_above_and_dependencies=None, packages_above_depth=None, packages_select_by_dep=None, packages_skip_by_dep=None, packages_skip_up_to=None, packages_select_build_failed=False, packages_skip_build_finished=False, packages_select_test_failures=False, packages_skip_test_passed=False, packages_select=None, packages_skip=None, packages_select_regex=None, packages_skip_regex=None, packages_start=None, packages_end=None, allow_overriding=[], cmake_args=None, cmake_target=None, cmake_target_skip_unavailable=False, cmake_clean_cache=False, cmake_clean_first=False, cmake_force_configure=False, ament_cmake_args=None, catkin_cmake_args=None, catkin_skip_building_tests=False, verb_parser=<colcon_defaults.argument_parser.defaults.DefaultArgumentsDecorator object at 0x7f71d983c0d0>, verb_extension=<colcon_core.verb.build.BuildVerb object at 0x7f71da18f7f0>, main=<bound method BuildVerb.main of <colcon_core.verb.build.BuildVerb object at 0x7f71da18f7f0>>)
[0.244s] Level 1:colcon.colcon_core.package_discovery:discover_packages(colcon_meta) check parameters
[0.244s] Level 1:colcon.colcon_core.package_discovery:discover_packages(recursive) check parameters
[0.244s] Level 1:colcon.colcon_core.package_discovery:discover_packages(ignore) check parameters
[0.244s] Level 1:colcon.colcon_core.package_discovery:discover_packages(path) check parameters
[0.245s] Level 1:colcon.colcon_core.package_discovery:discover_packages(colcon_meta) discover
[0.245s] Level 1:colcon.colcon_core.package_discovery:discover_packages(recursive) discover
[0.245s] INFO:colcon.colcon_core.package_discovery:Crawling recursively for packages in '/home/carl/nao_bot'
[0.245s] Level 1:colcon.colcon_core.package_identification:_identify(.) by extensions ['ignore', 'ignore_ament_install']
[0.245s] Level 1:colcon.colcon_core.package_identification:_identify(.) by extension 'ignore'
[0.245s] Level 1:colcon.colcon_core.package_identification:_identify(.) by extension 'ignore_ament_install'
[0.245s] Level 1:colcon.colcon_core.package_identification:_identify(.) by extensions ['colcon_pkg']
[0.245s] Level 1:colcon.colcon_core.package_identification:_identify(.) by extension 'colcon_pkg'
[0.245s] Level 1:colcon.colcon_core.package_identification:_identify(.) by extensions ['colcon_meta']
[0.245s] Level 1:colcon.colcon_core.package_identification:_identify(.) by extension 'colcon_meta'
[0.245s] Level 1:colcon.colcon_core.package_identification:_identify(.) by extensions ['ros']
[0.245s] Level 1:colcon.colcon_core.package_identification:_identify(.) by extension 'ros'
[0.265s] Level 1:colcon.colcon_core.package_identification:_identify(.) by extensions ['cmake', 'python']
[0.265s] Level 1:colcon.colcon_core.package_identification:_identify(.) by extension 'cmake'
[0.265s] Level 1:colcon.colcon_core.package_identification:_identify(.) by extension 'python'
[0.265s] Level 1:colcon.colcon_core.package_identification:_identify(.) by extensions ['python_setup_py']
[0.265s] Level 1:colcon.colcon_core.package_identification:_identify(.) by extension 'python_setup_py'
[0.266s] Level 1:colcon.colcon_core.package_identification:_identify(CMakeFiles) by extensions ['ignore', 'ignore_ament_install']
[0.266s] Level 1:colcon.colcon_core.package_identification:_identify(CMakeFiles) by extension 'ignore'
[0.266s] Level 1:colcon.colcon_core.package_identification:_identify(CMakeFiles) by extension 'ignore_ament_install'
[0.266s] Level 1:colcon.colcon_core.package_identification:_identify(CMakeFiles) by extensions ['colcon_pkg']
[0.266s] Level 1:colcon.colcon_core.package_identification:_identify(CMakeFiles) by extension 'colcon_pkg'
[0.266s] Level 1:colcon.colcon_core.package_identification:_identify(CMakeFiles) by extensions ['colcon_meta']
[0.266s] Level 1:colcon.colcon_core.package_identification:_identify(CMakeFiles) by extension 'colcon_meta'
[0.266s] Level 1:colcon.colcon_core.package_identification:_identify(CMakeFiles) by extensions ['ros']
[0.266s] Level 1:colcon.colcon_core.package_identification:_identify(CMakeFiles) by extension 'ros'
[0.266s] Level 1:colcon.colcon_core.package_identification:_identify(CMakeFiles) by extensions ['cmake', 'python']
[0.266s] Level 1:colcon.colcon_core.package_identification:_identify(CMakeFiles) by extension 'cmake'
[0.266s] Level 1:colcon.colcon_core.package_identification:_identify(CMakeFiles) by extension 'python'
[0.266s] Level 1:colcon.colcon_core.package_identification:_identify(CMakeFiles) by extensions ['python_setup_py']
[0.266s] Level 1:colcon.colcon_core.package_identification:_identify(CMakeFiles) by extension 'python_setup_py'
[0.266s] Level 1:colcon.colcon_core.package_identification:_identify(CMakeFiles/3.22.1) by extensions ['ignore', 'ignore_ament_install']
[0.266s] Level 1:colcon.colcon_core.package_identification:_identify(CMakeFiles/3.22.1) by extension 'ignore'
[0.266s] Level 1:colcon.colcon_core.package_identification:_identify(CMakeFiles/3.22.1) by extension 'ignore_ament_install'
[0.266s] Level 1:colcon.colcon_core.package_identification:_identify(CMakeFiles/3.22.1) by extensions ['colcon_pkg']
[0.266s] Level 1:colcon.colcon_core.package_identification:_identify(CMakeFiles/3.22.1) by extension 'colcon_pkg'
[0.266s] Level 1:colcon.colcon_core.package_identification:_identify(CMakeFiles/3.22.1) by extensions ['colcon_meta']
[0.266s] Level 1:colcon.colcon_core.package_identification:_identify(CMakeFiles/3.22.1) by extension 'colcon_meta'
[0.266s] Level 1:colcon.colcon_core.package_identification:_identify(CMakeFiles/3.22.1) by extensions ['ros']
[0.266s] Level 1:colcon.colcon_core.package_identification:_identify(CMakeFiles/3.22.1) by extension 'ros'
[0.267s] Level 1:colcon.colcon_core.package_identification:_identify(CMakeFiles/3.22.1) by extensions ['cmake', 'python']
[0.267s] Level 1:colcon.colcon_core.package_identification:_identify(CMakeFiles/3.22.1) by extension 'cmake'
[0.267s] Level 1:colcon.colcon_core.package_identification:_identify(CMakeFiles/3.22.1) by extension 'python'
[0.267s] Level 1:colcon.colcon_core.package_identification:_identify(CMakeFiles/3.22.1) by extensions ['python_setup_py']
[0.267s] Level 1:colcon.colcon_core.package_identification:_identify(CMakeFiles/3.22.1) by extension 'python_setup_py'
[0.267s] Level 1:colcon.colcon_core.package_identification:_identify(CMakeFiles/3.22.1/CompilerIdC) by extensions ['ignore', 'ignore_ament_install']
[0.267s] Level 1:colcon.colcon_core.package_identification:_identify(CMakeFiles/3.22.1/CompilerIdC) by extension 'ignore'
[0.267s] Level 1:colcon.colcon_core.package_identification:_identify(CMakeFiles/3.22.1/CompilerIdC) by extension 'ignore_ament_install'
[0.267s] Level 1:colcon.colcon_core.package_identification:_identify(CMakeFiles/3.22.1/CompilerIdC) by extensions ['colcon_pkg']
[0.267s] Level 1:colcon.colcon_core.package_identification:_identify(CMakeFiles/3.22.1/CompilerIdC) by extension 'colcon_pkg'
[0.267s] Level 1:colcon.colcon_core.package_identification:_identify(CMakeFiles/3.22.1/CompilerIdC) by extensions ['colcon_meta']
[0.267s] Level 1:colcon.colcon_core.package_identification:_identify(CMakeFiles/3.22.1/CompilerIdC) by extension 'colcon_meta'
[0.267s] Level 1:colcon.colcon_core.package_identification:_identify(CMakeFiles/3.22.1/CompilerIdC) by extensions ['ros']
[0.267s] Level 1:colcon.colcon_core.package_identification:_identify(CMakeFiles/3.22.1/CompilerIdC) by extension 'ros'
[0.267s] Level 1:colcon.colcon_core.package_identification:_identify(CMakeFiles/3.22.1/CompilerIdC) by extensions ['cmake', 'python']
[0.267s] Level 1:colcon.colcon_core.package_identification:_identify(CMakeFiles/3.22.1/CompilerIdC) by extension 'cmake'
[0.267s] Level 1:colcon.colcon_core.package_identification:_identify(CMakeFiles/3.22.1/CompilerIdC) by extension 'python'
[0.267s] Level 1:colcon.colcon_core.package_identification:_identify(CMakeFiles/3.22.1/CompilerIdC) by extensions ['python_setup_py']
[0.267s] Level 1:colcon.colcon_core.package_identification:_identify(CMakeFiles/3.22.1/CompilerIdC) by extension 'python_setup_py'
[0.267s] Level 1:colcon.colcon_core.package_identification:_identify(CMakeFiles/3.22.1/CompilerIdC/tmp) by extensions ['ignore', 'ignore_ament_install']
[0.267s] Level 1:colcon.colcon_core.package_identification:_identify(CMakeFiles/3.22.1/CompilerIdC/tmp) by extension 'ignore'
[0.267s] Level 1:colcon.colcon_core.package_identification:_identify(CMakeFiles/3.22.1/CompilerIdC/tmp) by extension 'ignore_ament_install'
[0.267s] Level 1:colcon.colcon_core.package_identification:_identify(CMakeFiles/3.22.1/CompilerIdC/tmp) by extensions ['colcon_pkg']
[0.267s] Level 1:colcon.colcon_core.package_identification:_identify(CMakeFiles/3.22.1/CompilerIdC/tmp) by extension 'colcon_pkg'
[0.268s] Level 1:colcon.colcon_core.package_identification:_identify(CMakeFiles/3.22.1/CompilerIdC/tmp) by extensions ['colcon_meta']
[0.268s] Level 1:colcon.colcon_core.package_identification:_identify(CMakeFiles/3.22.1/CompilerIdC/tmp) by extension 'colcon_meta'
[0.268s] Level 1:colcon.colcon_core.package_identification:_identify(CMakeFiles/3.22.1/CompilerIdC/tmp) by extensions ['ros']
[0.268s] Level 1:colcon.colcon_core.package_identification:_identify(CMakeFiles/3.22.1/CompilerIdC/tmp) by extension 'ros'
[0.268s] Level 1:colcon.colcon_core.package_identification:_identify(CMakeFiles/3.22.1/CompilerIdC/tmp) by extensions ['cmake', 'python']
[0.268s] Level 1:colcon.colcon_core.package_identification:_identify(CMakeFiles/3.22.1/CompilerIdC/tmp) by extension 'cmake'
[0.268s] Level 1:colcon.colcon_core.package_identification:_identify(CMakeFiles/3.22.1/CompilerIdC/tmp) by extension 'python'
[0.268s] Level 1:colcon.colcon_core.package_identification:_identify(CMakeFiles/3.22.1/CompilerIdC/tmp) by extensions ['python_setup_py']
[0.268s] Level 1:colcon.colcon_core.package_identification:_identify(CMakeFiles/3.22.1/CompilerIdC/tmp) by extension 'python_setup_py'
[0.268s] Level 1:colcon.colcon_core.package_identification:_identify(CMakeFiles/3.22.1/CompilerIdCXX) by extensions ['ignore', 'ignore_ament_install']
[0.268s] Level 1:colcon.colcon_core.package_identification:_identify(CMakeFiles/3.22.1/CompilerIdCXX) by extension 'ignore'
[0.268s] Level 1:colcon.colcon_core.package_identification:_identify(CMakeFiles/3.22.1/CompilerIdCXX) by extension 'ignore_ament_install'
[0.268s] Level 1:colcon.colcon_core.package_identification:_identify(CMakeFiles/3.22.1/CompilerIdCXX) by extensions ['colcon_pkg']
[0.268s] Level 1:colcon.colcon_core.package_identification:_identify(CMakeFiles/3.22.1/CompilerIdCXX) by extension 'colcon_pkg'
[0.268s] Level 1:colcon.colcon_core.package_identification:_identify(CMakeFiles/3.22.1/CompilerIdCXX) by extensions ['colcon_meta']
[0.268s] Level 1:colcon.colcon_core.package_identification:_identify(CMakeFiles/3.22.1/CompilerIdCXX) by extension 'colcon_meta'
[0.268s] Level 1:colcon.colcon_core.package_identification:_identify(CMakeFiles/3.22.1/CompilerIdCXX) by extensions ['ros']
[0.268s] Level 1:colcon.colcon_core.package_identification:_identify(CMakeFiles/3.22.1/CompilerIdCXX) by extension 'ros'
[0.268s] Level 1:colcon.colcon_core.package_identification:_identify(CMakeFiles/3.22.1/CompilerIdCXX) by extensions ['cmake', 'python']
[0.268s] Level 1:colcon.colcon_core.package_identification:_identify(CMakeFiles/3.22.1/CompilerIdCXX) by extension 'cmake'
[0.268s] Level 1:colcon.colcon_core.package_identification:_identify(CMakeFiles/3.22.1/CompilerIdCXX) by extension 'python'
[0.268s] Level 1:colcon.colcon_core.package_identification:_identify(CMakeFiles/3.22.1/CompilerIdCXX) by extensions ['python_setup_py']
[0.268s] Level 1:colcon.colcon_core.package_identification:_identify(CMakeFiles/3.22.1/CompilerIdCXX) by extension 'python_setup_py'
[0.268s] Level 1:colcon.colcon_core.package_identification:_identify(CMakeFiles/3.22.1/CompilerIdCXX/tmp) by extensions ['ignore', 'ignore_ament_install']
[0.268s] Level 1:colcon.colcon_core.package_identification:_identify(CMakeFiles/3.22.1/CompilerIdCXX/tmp) by extension 'ignore'
[0.269s] Level 1:colcon.colcon_core.package_identification:_identify(CMakeFiles/3.22.1/CompilerIdCXX/tmp) by extension 'ignore_ament_install'
[0.269s] Level 1:colcon.colcon_core.package_identification:_identify(CMakeFiles/3.22.1/CompilerIdCXX/tmp) by extensions ['colcon_pkg']
[0.269s] Level 1:colcon.colcon_core.package_identification:_identify(CMakeFiles/3.22.1/CompilerIdCXX/tmp) by extension 'colcon_pkg'
[0.269s] Level 1:colcon.colcon_core.package_identification:_identify(CMakeFiles/3.22.1/CompilerIdCXX/tmp) by extensions ['colcon_meta']
[0.269s] Level 1:colcon.colcon_core.package_identification:_identify(CMakeFiles/3.22.1/CompilerIdCXX/tmp) by extension 'colcon_meta'
[0.269s] Level 1:colcon.colcon_core.package_identification:_identify(CMakeFiles/3.22.1/CompilerIdCXX/tmp) by extensions ['ros']
[0.269s] Level 1:colcon.colcon_core.package_identification:_identify(CMakeFiles/3.22.1/CompilerIdCXX/tmp) by extension 'ros'
[0.269s] Level 1:colcon.colcon_core.package_identification:_identify(CMakeFiles/3.22.1/CompilerIdCXX/tmp) by extensions ['cmake', 'python']
[0.269s] Level 1:colcon.colcon_core.package_identification:_identify(CMakeFiles/3.22.1/CompilerIdCXX/tmp) by extension 'cmake'
[0.269s] Level 1:colcon.colcon_core.package_identification:_identify(CMakeFiles/3.22.1/CompilerIdCXX/tmp) by extension 'python'
[0.269s] Level 1:colcon.colcon_core.package_identification:_identify(CMakeFiles/3.22.1/CompilerIdCXX/tmp) by extensions ['python_setup_py']
[0.269s] Level 1:colcon.colcon_core.package_identification:_identify(CMakeFiles/3.22.1/CompilerIdCXX/tmp) by extension 'python_setup_py'
[0.269s] Level 1:colcon.colcon_core.package_identification:_identify(CMakeFiles/CMakeTmp) by extensions ['ignore', 'ignore_ament_install']
[0.269s] Level 1:colcon.colcon_core.package_identification:_identify(CMakeFiles/CMakeTmp) by extension 'ignore'
[0.269s] Level 1:colcon.colcon_core.package_identification:_identify(CMakeFiles/CMakeTmp) by extension 'ignore_ament_install'
[0.269s] Level 1:colcon.colcon_core.package_identification:_identify(CMakeFiles/CMakeTmp) by extensions ['colcon_pkg']
[0.269s] Level 1:colcon.colcon_core.package_identification:_identify(CMakeFiles/CMakeTmp) by extension 'colcon_pkg'
[0.269s] Level 1:colcon.colcon_core.package_identification:_identify(CMakeFiles/CMakeTmp) by extensions ['colcon_meta']
[0.269s] Level 1:colcon.colcon_core.package_identification:_identify(CMakeFiles/CMakeTmp) by extension 'colcon_meta'
[0.269s] Level 1:colcon.colcon_core.package_identification:_identify(CMakeFiles/CMakeTmp) by extensions ['ros']
[0.269s] Level 1:colcon.colcon_core.package_identification:_identify(CMakeFiles/CMakeTmp) by extension 'ros'
[0.269s] Level 1:colcon.colcon_core.package_identification:_identify(CMakeFiles/CMakeTmp) by extensions ['cmake', 'python']
[0.269s] Level 1:colcon.colcon_core.package_identification:_identify(CMakeFiles/CMakeTmp) by extension 'cmake'
[0.269s] Level 1:colcon.colcon_core.package_identification:_identify(CMakeFiles/CMakeTmp) by extension 'python'
[0.269s] Level 1:colcon.colcon_core.package_identification:_identify(CMakeFiles/CMakeTmp) by extensions ['python_setup_py']
[0.270s] Level 1:colcon.colcon_core.package_identification:_identify(CMakeFiles/CMakeTmp) by extension 'python_setup_py'
[0.270s] Level 1:colcon.colcon_core.package_identification:_identify(build) by extensions ['ignore', 'ignore_ament_install']
[0.270s] Level 1:colcon.colcon_core.package_identification:_identify(build) by extension 'ignore'
[0.270s] Level 1:colcon.colcon_core.package_identification:_identify(build) ignored
[0.270s] Level 1:colcon.colcon_core.package_identification:_identify(install) by extensions ['ignore', 'ignore_ament_install']
[0.270s] Level 1:colcon.colcon_core.package_identification:_identify(install) by extension 'ignore'
[0.270s] Level 1:colcon.colcon_core.package_identification:_identify(install) ignored
[0.270s] Level 1:colcon.colcon_core.package_identification:_identify(libqi) by extensions ['ignore', 'ignore_ament_install']
[0.270s] Level 1:colcon.colcon_core.package_identification:_identify(libqi) by extension 'ignore'
[0.270s] Level 1:colcon.colcon_core.package_identification:_identify(libqi) by extension 'ignore_ament_install'
[0.270s] Level 1:colcon.colcon_core.package_identification:_identify(libqi) by extensions ['colcon_pkg']
[0.270s] Level 1:colcon.colcon_core.package_identification:_identify(libqi) by extension 'colcon_pkg'
[0.270s] Level 1:colcon.colcon_core.package_identification:_identify(libqi) by extensions ['colcon_meta']
[0.270s] Level 1:colcon.colcon_core.package_identification:_identify(libqi) by extension 'colcon_meta'
[0.270s] Level 1:colcon.colcon_core.package_identification:_identify(libqi) by extensions ['ros']
[0.270s] Level 1:colcon.colcon_core.package_identification:_identify(libqi) by extension 'ros'
[0.272s] DEBUG:colcon.colcon_core.package_identification:Package 'libqi' with type 'ros.ament_cmake' and name 'naoqi_libqi'
[0.272s] Level 1:colcon.colcon_core.package_identification:_identify(log) by extensions ['ignore', 'ignore_ament_install']
[0.272s] Level 1:colcon.colcon_core.package_identification:_identify(log) by extension 'ignore'
[0.272s] Level 1:colcon.colcon_core.package_identification:_identify(log) ignored
[0.272s] Level 1:colcon.colcon_core.package_identification:_identify(src) by extensions ['ignore', 'ignore_ament_install']
[0.272s] Level 1:colcon.colcon_core.package_identification:_identify(src) by extension 'ignore'
[0.273s] Level 1:colcon.colcon_core.package_identification:_identify(src) by extension 'ignore_ament_install'
[0.273s] Level 1:colcon.colcon_core.package_identification:_identify(src) by extensions ['colcon_pkg']
[0.273s] Level 1:colcon.colcon_core.package_identification:_identify(src) by extension 'colcon_pkg'
[0.273s] Level 1:colcon.colcon_core.package_identification:_identify(src) by extensions ['colcon_meta']
[0.273s] Level 1:colcon.colcon_core.package_identification:_identify(src) by extension 'colcon_meta'
[0.273s] Level 1:colcon.colcon_core.package_identification:_identify(src) by extensions ['ros']
[0.273s] Level 1:colcon.colcon_core.package_identification:_identify(src) by extension 'ros'
[0.273s] Level 1:colcon.colcon_core.package_identification:_identify(src) by extensions ['cmake', 'python']
[0.273s] Level 1:colcon.colcon_core.package_identification:_identify(src) by extension 'cmake'
[0.273s] Level 1:colcon.colcon_core.package_identification:_identify(src) by extension 'python'
[0.273s] Level 1:colcon.colcon_core.package_identification:_identify(src) by extensions ['python_setup_py']
[0.273s] Level 1:colcon.colcon_core.package_identification:_identify(src) by extension 'python_setup_py'
[0.273s] Level 1:colcon.colcon_core.package_identification:_identify(src/cpp) by extensions ['ignore', 'ignore_ament_install']
[0.273s] Level 1:colcon.colcon_core.package_identification:_identify(src/cpp) by extension 'ignore'
[0.273s] Level 1:colcon.colcon_core.package_identification:_identify(src/cpp) by extension 'ignore_ament_install'
[0.273s] Level 1:colcon.colcon_core.package_identification:_identify(src/cpp) by extensions ['colcon_pkg']
[0.273s] Level 1:colcon.colcon_core.package_identification:_identify(src/cpp) by extension 'colcon_pkg'
[0.273s] Level 1:colcon.colcon_core.package_identification:_identify(src/cpp) by extensions ['colcon_meta']
[0.273s] Level 1:colcon.colcon_core.package_identification:_identify(src/cpp) by extension 'colcon_meta'
[0.273s] Level 1:colcon.colcon_core.package_identification:_identify(src/cpp) by extensions ['ros']
[0.273s] Level 1:colcon.colcon_core.package_identification:_identify(src/cpp) by extension 'ros'
[0.274s] DEBUG:colcon.colcon_core.package_identification:Package 'src/cpp' with type 'ros.ament_cmake' and name 'cpp'
[0.274s] Level 1:colcon.colcon_core.package_discovery:discover_packages(recursive) using defaults
[0.274s] Level 1:colcon.colcon_core.package_discovery:discover_packages(ignore) discover
[0.274s] Level 1:colcon.colcon_core.package_discovery:discover_packages(ignore) using defaults
[0.274s] Level 1:colcon.colcon_core.package_discovery:discover_packages(path) discover
[0.274s] Level 1:colcon.colcon_core.package_discovery:discover_packages(path) using defaults
[0.291s] Level 1:colcon.colcon_core.package_discovery:discover_packages(prefix_path) check parameters
[0.291s] Level 1:colcon.colcon_core.package_discovery:discover_packages(prefix_path) discover
[0.294s] DEBUG:colcon.colcon_installed_package_information.package_discovery:Found 281 installed packages in /opt/ros/humble
[0.295s] Level 1:colcon.colcon_core.package_discovery:discover_packages(prefix_path) using defaults
[0.343s] Level 5:colcon.colcon_core.verb:set package 'cpp' build argument 'cmake_args' from command line to 'None'
[0.343s] Level 5:colcon.colcon_core.verb:set package 'cpp' build argument 'cmake_target' from command line to 'None'
[0.343s] Level 5:colcon.colcon_core.verb:set package 'cpp' build argument 'cmake_target_skip_unavailable' from command line to 'False'
[0.343s] Level 5:colcon.colcon_core.verb:set package 'cpp' build argument 'cmake_clean_cache' from command line to 'False'
[0.343s] Level 5:colcon.colcon_core.verb:set package 'cpp' build argument 'cmake_clean_first' from command line to 'False'
[0.343s] Level 5:colcon.colcon_core.verb:set package 'cpp' build argument 'cmake_force_configure' from command line to 'False'
[0.343s] Level 5:colcon.colcon_core.verb:set package 'cpp' build argument 'ament_cmake_args' from command line to 'None'
[0.343s] Level 5:colcon.colcon_core.verb:set package 'cpp' build argument 'catkin_cmake_args' from command line to 'None'
[0.343s] Level 5:colcon.colcon_core.verb:set package 'cpp' build argument 'catkin_skip_building_tests' from command line to 'False'
[0.343s] DEBUG:colcon.colcon_core.verb:Building package 'cpp' with the following arguments: {'ament_cmake_args': None, 'build_base': '/home/carl/nao_bot/build/cpp', 'catkin_cmake_args': None, 'catkin_skip_building_tests': False, 'cmake_args': None, 'cmake_clean_cache': False, 'cmake_clean_first': False, 'cmake_force_configure': False, 'cmake_target': None, 'cmake_target_skip_unavailable': False, 'install_base': '/home/carl/nao_bot/install/cpp', 'merge_install': False, 'path': '/home/carl/nao_bot/src/cpp', 'symlink_install': False, 'test_result_base': None}
[0.344s] Level 5:colcon.colcon_core.verb:set package 'naoqi_libqi' build argument 'cmake_args' from command line to 'None'
[0.344s] Level 5:colcon.colcon_core.verb:set package 'naoqi_libqi' build argument 'cmake_target' from command line to 'None'
[0.344s] Level 5:colcon.colcon_core.verb:set package 'naoqi_libqi' build argument 'cmake_target_skip_unavailable' from command line to 'False'
[0.344s] Level 5:colcon.colcon_core.verb:set package 'naoqi_libqi' build argument 'cmake_clean_cache' from command line to 'False'
[0.344s] Level 5:colcon.colcon_core.verb:set package 'naoqi_libqi' build argument 'cmake_clean_first' from command line to 'False'
[0.344s] Level 5:colcon.colcon_core.verb:set package 'naoqi_libqi' build argument 'cmake_force_configure' from command line to 'False'
[0.344s] Level 5:colcon.colcon_core.verb:set package 'naoqi_libqi' build argument 'ament_cmake_args' from command line to 'None'
[0.344s] Level 5:colcon.colcon_core.verb:set package 'naoqi_libqi' build argument 'catkin_cmake_args' from command line to 'None'
[0.344s] Level 5:colcon.colcon_core.verb:set package 'naoqi_libqi' build argument 'catkin_skip_building_tests' from command line to 'False'
[0.344s] DEBUG:colcon.colcon_core.verb:Building package 'naoqi_libqi' with the following arguments: {'ament_cmake_args': None, 'build_base': '/home/carl/nao_bot/build/naoqi_libqi', 'catkin_cmake_args': None, 'catkin_skip_building_tests': False, 'cmake_args': None, 'cmake_clean_cache': False, 'cmake_clean_first': False, 'cmake_force_configure': False, 'cmake_target': None, 'cmake_target_skip_unavailable': False, 'install_base': '/home/carl/nao_bot/install/naoqi_libqi', 'merge_install': False, 'path': '/home/carl/nao_bot/libqi', 'symlink_install': False, 'test_result_base': None}
[0.345s] INFO:colcon.colcon_core.executor:Executing jobs using 'parallel' executor
[0.348s] DEBUG:colcon.colcon_parallel_executor.executor.parallel:run_until_complete
[0.348s] INFO:colcon.colcon_ros.task.ament_cmake.build:Building ROS package in '/home/carl/nao_bot/src/cpp' with build type 'ament_cmake'
[0.348s] INFO:colcon.colcon_cmake.task.cmake.build:Building CMake package in '/home/carl/nao_bot/src/cpp'
[0.351s] INFO:colcon.colcon_core.plugin_system:Skipping extension 'colcon_core.shell.bat': Not used on non-Windows systems
[0.351s] INFO:colcon.colcon_core.shell:Skip shell extension 'powershell' for command environment: Not usable outside of PowerShell
[0.351s] DEBUG:colcon.colcon_core.shell:Skip shell extension 'dsv' for command environment
[0.354s] INFO:colcon.colcon_ros.task.ament_cmake.build:Building ROS package in '/home/carl/nao_bot/libqi' with build type 'ament_cmake'
[0.354s] INFO:colcon.colcon_cmake.task.cmake.build:Building CMake package in '/home/carl/nao_bot/libqi'
[0.355s] INFO:colcon.colcon_core.shell:Skip shell extension 'powershell' for command environment: Not usable outside of PowerShell
[0.355s] DEBUG:colcon.colcon_core.shell:Skip shell extension 'dsv' for command environment
[0.363s] DEBUG:colcon.colcon_core.event_handler.log_command:Invoking command in '/home/carl/nao_bot/build/cpp': CMAKE_PREFIX_PATH=/opt/ros/humble /usr/bin/cmake --build /home/carl/nao_bot/build/cpp -- -j12 -l12
[0.366s] DEBUG:colcon.colcon_core.event_handler.log_command:Invoking command in '/home/carl/nao_bot/build/naoqi_libqi': CMAKE_PREFIX_PATH=/opt/ros/humble /usr/bin/cmake /home/carl/nao_bot/libqi -DCMAKE_INSTALL_PREFIX=/home/carl/nao_bot/install/naoqi_libqi
[0.391s] DEBUG:colcon.colcon_core.event_handler.log_command:Invoked command in '/home/carl/nao_bot/build/cpp' returned '0': CMAKE_PREFIX_PATH=/opt/ros/humble /usr/bin/cmake --build /home/carl/nao_bot/build/cpp -- -j12 -l12
[0.412s] DEBUG:colcon.colcon_core.event_handler.log_command:Invoking command in '/home/carl/nao_bot/build/cpp': CMAKE_PREFIX_PATH=/opt/ros/humble /usr/bin/cmake --install /home/carl/nao_bot/build/cpp
[0.421s] Level 1:colcon.colcon_core.environment:create_environment_scripts_only(cpp)
[0.422s] DEBUG:colcon.colcon_core.event_handler.log_command:Invoked command in '/home/carl/nao_bot/build/cpp' returned '0': CMAKE_PREFIX_PATH=/opt/ros/humble /usr/bin/cmake --install /home/carl/nao_bot/build/cpp
[0.425s] Level 1:colcon.colcon_core.environment:checking '/home/carl/nao_bot/install/cpp' for CMake module files
[0.425s] Level 1:colcon.colcon_core.environment:checking '/home/carl/nao_bot/install/cpp' for CMake config files
[0.425s] Level 1:colcon.colcon_core.shell:create_environment_hook('cpp', 'cmake_prefix_path')
[0.426s] INFO:colcon.colcon_core.shell:Creating environment hook '/home/carl/nao_bot/install/cpp/share/cpp/hook/cmake_prefix_path.ps1'
[0.427s] INFO:colcon.colcon_core.shell:Creating environment descriptor '/home/carl/nao_bot/install/cpp/share/cpp/hook/cmake_prefix_path.dsv'
[0.429s] INFO:colcon.colcon_core.shell:Creating environment hook '/home/carl/nao_bot/install/cpp/share/cpp/hook/cmake_prefix_path.sh'
[0.430s] Level 1:colcon.colcon_core.environment:checking '/home/carl/nao_bot/install/cpp/bin'
[0.430s] Level 1:colcon.colcon_core.environment:checking '/home/carl/nao_bot/install/cpp/lib/pkgconfig/cpp.pc'
[0.430s] Level 1:colcon.colcon_core.environment:checking '/home/carl/nao_bot/install/cpp/lib/python3.10/site-packages'
[0.430s] Level 1:colcon.colcon_core.environment:checking '/home/carl/nao_bot/install/cpp/bin'
[0.431s] INFO:colcon.colcon_core.shell:Creating package script '/home/carl/nao_bot/install/cpp/share/cpp/package.ps1'
[0.432s] INFO:colcon.colcon_core.shell:Creating package descriptor '/home/carl/nao_bot/install/cpp/share/cpp/package.dsv'
[0.432s] INFO:colcon.colcon_core.shell:Creating package script '/home/carl/nao_bot/install/cpp/share/cpp/package.sh'
[0.433s] INFO:colcon.colcon_core.shell:Creating package script '/home/carl/nao_bot/install/cpp/share/cpp/package.bash'
[0.433s] INFO:colcon.colcon_core.shell:Creating package script '/home/carl/nao_bot/install/cpp/share/cpp/package.zsh'
[0.434s] Level 1:colcon.colcon_core.environment:create_file_with_runtime_dependencies(/home/carl/nao_bot/install/cpp/share/colcon-core/packages/cpp)
[0.450s] Level 1:colcon.colcon_core.environment:create_environment_scripts_only(cpp)
[0.451s] Level 1:colcon.colcon_core.environment:checking '/home/carl/nao_bot/install/cpp' for CMake module files
[0.451s] Level 1:colcon.colcon_core.environment:checking '/home/carl/nao_bot/install/cpp' for CMake config files
[0.452s] Level 1:colcon.colcon_core.shell:create_environment_hook('cpp', 'cmake_prefix_path')
[0.452s] INFO:colcon.colcon_core.shell:Creating environment hook '/home/carl/nao_bot/install/cpp/share/cpp/hook/cmake_prefix_path.ps1'
[0.453s] INFO:colcon.colcon_core.shell:Creating environment descriptor '/home/carl/nao_bot/install/cpp/share/cpp/hook/cmake_prefix_path.dsv'
[0.453s] INFO:colcon.colcon_core.shell:Creating environment hook '/home/carl/nao_bot/install/cpp/share/cpp/hook/cmake_prefix_path.sh'
[0.454s] Level 1:colcon.colcon_core.environment:checking '/home/carl/nao_bot/install/cpp/bin'
[0.454s] Level 1:colcon.colcon_core.environment:checking '/home/carl/nao_bot/install/cpp/lib/pkgconfig/cpp.pc'
[0.454s] Level 1:colcon.colcon_core.environment:checking '/home/carl/nao_bot/install/cpp/lib/python3.10/site-packages'
[0.454s] Level 1:colcon.colcon_core.environment:checking '/home/carl/nao_bot/install/cpp/bin'
[0.455s] INFO:colcon.colcon_core.shell:Creating package script '/home/carl/nao_bot/install/cpp/share/cpp/package.ps1'
[0.455s] INFO:colcon.colcon_core.shell:Creating package descriptor '/home/carl/nao_bot/install/cpp/share/cpp/package.dsv'
[0.456s] INFO:colcon.colcon_core.shell:Creating package script '/home/carl/nao_bot/install/cpp/share/cpp/package.sh'
[0.456s] INFO:colcon.colcon_core.shell:Creating package script '/home/carl/nao_bot/install/cpp/share/cpp/package.bash'
[0.456s] INFO:colcon.colcon_core.shell:Creating package script '/home/carl/nao_bot/install/cpp/share/cpp/package.zsh'
[0.456s] Level 1:colcon.colcon_core.environment:create_file_with_runtime_dependencies(/home/carl/nao_bot/install/cpp/share/colcon-core/packages/cpp)
[1.061s] DEBUG:colcon.colcon_core.event_handler.log_command:Invoked command in '/home/carl/nao_bot/build/naoqi_libqi' returned '0': CMAKE_PREFIX_PATH=/opt/ros/humble /usr/bin/cmake /home/carl/nao_bot/libqi -DCMAKE_INSTALL_PREFIX=/home/carl/nao_bot/install/naoqi_libqi
[1.062s] DEBUG:colcon.colcon_core.event_handler.log_command:Invoking command in '/home/carl/nao_bot/build/naoqi_libqi': CMAKE_PREFIX_PATH=/opt/ros/humble /usr/bin/cmake --build /home/carl/nao_bot/build/naoqi_libqi -- -j12 -l12
[12.537s] DEBUG:colcon.colcon_core.event_handler.log_command:Invoked command in '/home/carl/nao_bot/build/naoqi_libqi' returned '2': CMAKE_PREFIX_PATH=/opt/ros/humble /usr/bin/cmake --build /home/carl/nao_bot/build/naoqi_libqi -- -j12 -l12
[12.679s] Level 1:colcon.colcon_core.environment:create_environment_scripts_only(naoqi_libqi)
[12.680s] Level 1:colcon.colcon_core.environment:checking '/home/carl/nao_bot/install/naoqi_libqi' for CMake module files
[12.680s] Level 1:colcon.colcon_core.environment:checking '/home/carl/nao_bot/install/naoqi_libqi' for CMake config files
[12.681s] Level 1:colcon.colcon_core.environment:checking '/home/carl/nao_bot/install/naoqi_libqi/bin'
[12.681s] Level 1:colcon.colcon_core.environment:checking '/home/carl/nao_bot/install/naoqi_libqi/lib/pkgconfig/naoqi_libqi.pc'
[12.681s] Level 1:colcon.colcon_core.environment:checking '/home/carl/nao_bot/install/naoqi_libqi/lib/python3.10/site-packages'
[12.681s] Level 1:colcon.colcon_core.environment:checking '/home/carl/nao_bot/install/naoqi_libqi/bin'
[12.682s] INFO:colcon.colcon_core.shell:Creating package script '/home/carl/nao_bot/install/naoqi_libqi/share/naoqi_libqi/package.ps1'
[12.682s] INFO:colcon.colcon_core.shell:Creating package descriptor '/home/carl/nao_bot/install/naoqi_libqi/share/naoqi_libqi/package.dsv'
[12.683s] INFO:colcon.colcon_core.shell:Creating package script '/home/carl/nao_bot/install/naoqi_libqi/share/naoqi_libqi/package.sh'
[12.683s] INFO:colcon.colcon_core.shell:Creating package script '/home/carl/nao_bot/install/naoqi_libqi/share/naoqi_libqi/package.bash'
[12.683s] INFO:colcon.colcon_core.shell:Creating package script '/home/carl/nao_bot/install/naoqi_libqi/share/naoqi_libqi/package.zsh'
[12.683s] Level 1:colcon.colcon_core.environment:create_file_with_runtime_dependencies(/home/carl/nao_bot/install/naoqi_libqi/share/colcon-core/packages/naoqi_libqi)
[12.694s] DEBUG:colcon.colcon_parallel_executor.executor.parallel:closing loop
[12.694s] DEBUG:colcon.colcon_parallel_executor.executor.parallel:loop closed
[12.694s] DEBUG:colcon.colcon_parallel_executor.executor.parallel:run_until_complete finished with '2'
[12.695s] DEBUG:colcon.colcon_core.event_reactor:joining thread
[12.739s] INFO:colcon.colcon_core.plugin_system:Skipping extension 'colcon_notification.desktop_notification.terminal_notifier': Not used on non-Darwin systems
[12.740s] INFO:colcon.colcon_core.plugin_system:Skipping extension 'colcon_notification.desktop_notification.win32': Not used on non-Windows systems
[12.740s] INFO:colcon.colcon_notification.desktop_notification:Sending desktop notification using 'notify2'
[12.754s] DEBUG:colcon.colcon_core.event_reactor:joined thread
[12.756s] INFO:colcon.colcon_core.shell:Creating prefix script '/home/carl/nao_bot/install/local_setup.ps1'
[12.757s] INFO:colcon.colcon_core.shell:Creating prefix util module '/home/carl/nao_bot/install/_local_setup_util_ps1.py'
[12.759s] INFO:colcon.colcon_core.shell:Creating prefix chain script '/home/carl/nao_bot/install/setup.ps1'
[12.761s] INFO:colcon.colcon_core.shell:Creating prefix script '/home/carl/nao_bot/install/local_setup.sh'
[12.762s] INFO:colcon.colcon_core.shell:Creating prefix util module '/home/carl/nao_bot/install/_local_setup_util_sh.py'
[12.763s] INFO:colcon.colcon_core.shell:Creating prefix chain script '/home/carl/nao_bot/install/setup.sh'
[12.766s] INFO:colcon.colcon_core.shell:Creating prefix script '/home/carl/nao_bot/install/local_setup.bash'
[12.767s] INFO:colcon.colcon_core.shell:Creating prefix chain script '/home/carl/nao_bot/install/setup.bash'
[12.769s] INFO:colcon.colcon_core.shell:Creating prefix script '/home/carl/nao_bot/install/local_setup.zsh'
[12.770s] INFO:colcon.colcon_core.shell:Creating prefix chain script '/home/carl/nao_bot/install/setup.zsh'
