[35m[1mConsolidate compiler generated dependencies of target qi[0m
[  1%] [32mBuilding CXX object CMakeFiles/qi.dir/src/application.cpp.o[0m
[  2%] [32mBuilding CXX object CMakeFiles/qi.dir/src/log.cpp.o[0m
[  3%] [32mBuilding CXX object CMakeFiles/qi.dir/src/type/jsonencoder.cpp.o[0m
[  4%] [32mBuilding CXX object CMakeFiles/qi.dir/src/type/manageable.cpp.o[0m
[  5%] [32mBuilding CXX object CMakeFiles/qi.dir/src/type/metamethod.cpp.o[0m
[  7%] [32mBuilding CXX object CMakeFiles/qi.dir/src/type/metaproperty.cpp.o[0m
[  8%] [32mBuilding CXX object CMakeFiles/qi.dir/src/type/metasignal.cpp.o[0m
[  9%] [32mBuilding CXX object CMakeFiles/qi.dir/src/type/metasignal_p.cpp.o[0m
[ 10%] [32mBuilding CXX object CMakeFiles/qi.dir/src/type/metaobject.cpp.o[0m
[ 11%] [32mBuilding CXX object CMakeFiles/qi.dir/src/type/anymodule.cpp.o[0m
[ 13%] [32mBuilding CXX object CMakeFiles/qi.dir/src/type/objecttypebuilder.cpp.o[0m
[ 14%] [32mBuilding CXX object CMakeFiles/qi.dir/src/type/signal.cpp.o[0m
[ 15%] [32mBuilding CXX object CMakeFiles/qi.dir/src/type/signalspy.cpp.o[0m
[ 16%] [32mBuilding CXX object CMakeFiles/qi.dir/src/type/signatureconvertor.cpp.o[0m
[ 17%] [32mBuilding CXX object CMakeFiles/qi.dir/src/type/staticobjecttype.cpp.o[0m
[ 19%] [32mBuilding CXX object CMakeFiles/qi.dir/src/type/typeinterface.cpp.o[0m
[ 20%] [32mBuilding CXX object CMakeFiles/qi.dir/src/type/structtypeinterface.cpp.o[0m
[ 21%] [32mBuilding CXX object CMakeFiles/qi.dir/src/type/type.cpp.o[0m
[ 22%] [32mBuilding CXX object CMakeFiles/qi.dir/src/type/signature.cpp.o[0m
[ 23%] [32mBuilding CXX object CMakeFiles/qi.dir/src/type/traceanalyzer.cpp.o[0m
[ 25%] [32mBuilding CXX object CMakeFiles/qi.dir/src/messaging/applicationsession_internal.cpp.o[0m
[ 26%] [32mBuilding CXX object CMakeFiles/qi.dir/src/messaging/applicationsession.cpp.o[0m
[ 27%] [32mBuilding CXX object CMakeFiles/qi.dir/src/messaging/authprovider.cpp.o[0m
[ 28%] [32mBuilding CXX object CMakeFiles/qi.dir/src/messaging/boundobject.cpp.o[0m
[ 29%] [32mBuilding CXX object CMakeFiles/qi.dir/src/messaging/clientauthenticator.cpp.o[0m
[ 30%] [32mBuilding CXX object CMakeFiles/qi.dir/src/messaging/gateway.cpp.o[0m
[ 32%] [32mBuilding CXX object CMakeFiles/qi.dir/src/messaging/message.cpp.o[0m
[ 33%] [32mBuilding CXX object CMakeFiles/qi.dir/src/messaging/messagedispatcher.cpp.o[0m
[ 34%] [32mBuilding CXX object CMakeFiles/qi.dir/src/messaging/objecthost.cpp.o[0m
[ 35%] [32mBuilding CXX object CMakeFiles/qi.dir/src/messaging/objectregistrar.cpp.o[0m
[ 36%] [32mBuilding CXX object CMakeFiles/qi.dir/src/messaging/remoteobject.cpp.o[0m
[ 38%] [32mBuilding CXX object CMakeFiles/qi.dir/src/messaging/servicedirectory.cpp.o[0m
[ 39%] [32mBuilding CXX object CMakeFiles/qi.dir/src/messaging/servicedirectoryclient.cpp.o[0m
[ 40%] [32mBuilding CXX object CMakeFiles/qi.dir/src/messaging/servicedirectoryproxy.cpp.o[0m
[ 41%] [32mBuilding CXX object CMakeFiles/qi.dir/src/messaging/serviceinfo.cpp.o[0m
[ 42%] [32mBuilding CXX object CMakeFiles/qi.dir/src/messaging/session.cpp.o[0m
[ 44%] [32mBuilding CXX object CMakeFiles/qi.dir/src/messaging/sessionservice.cpp.o[0m
[ 45%] [32mBuilding CXX object CMakeFiles/qi.dir/src/messaging/sessionservices.cpp.o[0m
[ 46%] [32mBuilding CXX object CMakeFiles/qi.dir/src/messaging/server.cpp.o[0m
[ 47%] [32mBuilding CXX object CMakeFiles/qi.dir/src/messaging/streamcontext.cpp.o[0m
[ 48%] [32mBuilding CXX object CMakeFiles/qi.dir/src/messaging/transportserver.cpp.o[0m
[ 50%] [32mBuilding CXX object CMakeFiles/qi.dir/src/messaging/transportserverasio_p.cpp.o[0m
[ 51%] [32mBuilding CXX object CMakeFiles/qi.dir/src/messaging/messagesocket.cpp.o[0m
[ 52%] [32mBuilding CXX object CMakeFiles/qi.dir/src/messaging/transportsocketcache.cpp.o[0m
[ 53%] [32mBuilding CXX object CMakeFiles/qi.dir/src/messaging/tcpmessagesocket.cpp.o[0m
[ 54%] [32mBuilding CXX object CMakeFiles/qi.dir/src/messaging/uri.cpp.o[0m
[ 55%] [32mBuilding CXX object CMakeFiles/qi.dir/src/messaging/url.cpp.o[0m
[ 57%] [32mBuilding CXX object CMakeFiles/qi.dir/src/registration.cpp.o[0m
