running egg_info
creating ../../build/demo_py/demo_py.egg-info
writing ../../build/demo_py/demo_py.egg-info/PKG-INFO
writing dependency_links to ../../build/demo_py/demo_py.egg-info/dependency_links.txt
writing entry points to ../../build/demo_py/demo_py.egg-info/entry_points.txt
writing requirements to ../../build/demo_py/demo_py.egg-info/requires.txt
writing top-level names to ../../build/demo_py/demo_py.egg-info/top_level.txt
writing manifest file '../../build/demo_py/demo_py.egg-info/SOURCES.txt'
reading manifest file '../../build/demo_py/demo_py.egg-info/SOURCES.txt'
writing manifest file '../../build/demo_py/demo_py.egg-info/SOURCES.txt'
running build
running build_py
creating /home/carl/docker_nao/undergraduate-ros-project/build/demo_py/build
creating /home/carl/docker_nao/undergraduate-ros-project/build/demo_py/build/lib
creating /home/carl/docker_nao/undergraduate-ros-project/build/demo_py/build/lib/demo_py
copying demo_py/__init__.py -> /home/carl/docker_nao/undergraduate-ros-project/build/demo_py/build/lib/demo_py
copying demo_py/demo.py -> /home/carl/docker_nao/undergraduate-ros-project/build/demo_py/build/lib/demo_py
running install
/usr/lib/python3/dist-packages/setuptools/command/install.py:34: SetuptoolsDeprecationWarning: setup.py install is deprecated. Use build and pip and other standards-based tools.
  warnings.warn(
running install_lib
creating /home/carl/docker_nao/undergraduate-ros-project/install/demo_py/lib/python3.10/site-packages/demo_py
copying /home/carl/docker_nao/undergraduate-ros-project/build/demo_py/build/lib/demo_py/__init__.py -> /home/carl/docker_nao/undergraduate-ros-project/install/demo_py/lib/python3.10/site-packages/demo_py
copying /home/carl/docker_nao/undergraduate-ros-project/build/demo_py/build/lib/demo_py/demo.py -> /home/carl/docker_nao/undergraduate-ros-project/install/demo_py/lib/python3.10/site-packages/demo_py
byte-compiling /home/carl/docker_nao/undergraduate-ros-project/install/demo_py/lib/python3.10/site-packages/demo_py/__init__.py to __init__.cpython-310.pyc
byte-compiling /home/carl/docker_nao/undergraduate-ros-project/install/demo_py/lib/python3.10/site-packages/demo_py/demo.py to demo.cpython-310.pyc
running install_data
creating /home/carl/docker_nao/undergraduate-ros-project/install/demo_py/share/ament_index
creating /home/carl/docker_nao/undergraduate-ros-project/install/demo_py/share/ament_index/resource_index
creating /home/carl/docker_nao/undergraduate-ros-project/install/demo_py/share/ament_index/resource_index/packages
copying resource/demo_py -> /home/carl/docker_nao/undergraduate-ros-project/install/demo_py/share/ament_index/resource_index/packages
copying package.xml -> /home/carl/docker_nao/undergraduate-ros-project/install/demo_py/share/demo_py
running install_egg_info
Copying ../../build/demo_py/demo_py.egg-info to /home/carl/docker_nao/undergraduate-ros-project/install/demo_py/lib/python3.10/site-packages/demo_py-0.0.0-py3.10.egg-info
running install_scripts
Installing pubsub script to /home/carl/docker_nao/undergraduate-ros-project/install/demo_py/lib/demo_py
writing list of installed files to '/home/carl/docker_nao/undergraduate-ros-project/build/demo_py/install.log'
