-- The C compiler identification is GNU 11.2.0
-- The CXX compiler identification is GNU 11.2.0
-- Detecting C compiler ABI info
-- Detecting C compiler ABI info - done
-- Check for working C compiler: /usr/bin/cc - skipped
-- Detecting C compile features
-- Detecting C compile features - done
-- Detecting CXX compiler ABI info
-- Detecting CXX compiler ABI info - done
-- Check for working CXX compiler: /usr/bin/c++ - skipped
-- Detecting CXX compile features
-- Detecting CXX compile features - done
-- Found ament_cmake: 1.3.2 (/opt/ros/humble/share/ament_cmake/cmake)
-- Found Python3: /usr/bin/python3.10 (found version "3.10.6") found components: Interpreter 
-- Found ament_lint_auto: 0.12.4 (/opt/ros/humble/share/ament_lint_auto/cmake)
-- Added test 'lint_cmake' to check CMake code style
-- Added test 'xmllint' to check XML markup files
-- Configuring done
-- Generating done
-- Build files have been written to: /home/carl/nao_bot/build/cpp
-- Install configuration: ""
-- Installing: /home/carl/nao_bot/install/cpp/share/ament_index/resource_index/package_run_dependencies/cpp
-- Installing: /home/carl/nao_bot/install/cpp/share/ament_index/resource_index/parent_prefix_path/cpp
-- Installing: /home/carl/nao_bot/install/cpp/share/cpp/environment/ament_prefix_path.sh
-- Installing: /home/carl/nao_bot/install/cpp/share/cpp/environment/ament_prefix_path.dsv
-- Installing: /home/carl/nao_bot/install/cpp/share/cpp/environment/path.sh
-- Installing: /home/carl/nao_bot/install/cpp/share/cpp/environment/path.dsv
-- Installing: /home/carl/nao_bot/install/cpp/share/cpp/local_setup.bash
-- Installing: /home/carl/nao_bot/install/cpp/share/cpp/local_setup.sh
-- Installing: /home/carl/nao_bot/install/cpp/share/cpp/local_setup.zsh
-- Installing: /home/carl/nao_bot/install/cpp/share/cpp/local_setup.dsv
-- Installing: /home/carl/nao_bot/install/cpp/share/cpp/package.dsv
-- Installing: /home/carl/nao_bot/install/cpp/share/ament_index/resource_index/packages/cpp
-- Installing: /home/carl/nao_bot/install/cpp/share/cpp/cmake/cppConfig.cmake
-- Installing: /home/carl/nao_bot/install/cpp/share/cpp/cmake/cppConfig-version.cmake
-- Installing: /home/carl/nao_bot/install/cpp/share/cpp/package.xml
