[0.009s] Invoking command in '/home/carl/nao_bot/build/cpp': CMAKE_PREFIX_PATH=/opt/ros/humble /usr/bin/cmake /home/carl/nao_bot/src/cpp -DCMAKE_INSTALL_PREFIX=/home/carl/nao_bot/install/cpp
[0.659s] -- The C compiler identification is GNU 11.2.0
[1.145s] -- The CXX compiler identification is GNU 11.2.0
[1.168s] -- Detecting C compiler ABI info
[1.360s] -- Detecting C compiler ABI info - done
[1.366s] -- Check for working C compiler: /usr/bin/cc - skipped
[1.367s] -- Detecting C compile features
[1.367s] -- Detecting C compile features - done
[1.371s] -- Detecting CXX compiler ABI info
[1.439s] -- Detecting CXX compiler ABI info - done
[1.447s] -- Check for working CXX compiler: /usr/bin/c++ - skipped
[1.447s] -- Detecting CXX compile features
[1.448s] -- Detecting CXX compile features - done
[1.455s] -- Found ament_cmake: 1.3.2 (/opt/ros/humble/share/ament_cmake/cmake)
[1.589s] -- Found Python3: /usr/bin/python3.10 (found version "3.10.6") found components: Interpreter 
[1.755s] -- Found ament_lint_auto: 0.12.4 (/opt/ros/humble/share/ament_lint_auto/cmake)
[1.867s] -- Added test 'lint_cmake' to check CMake code style
[1.868s] -- Added test 'xmllint' to check XML markup files
[1.870s] -- Configuring done
[1.872s] -- Generating done
[1.873s] -- Build files have been written to: /home/carl/nao_bot/build/cpp
[1.876s] Invoked command in '/home/carl/nao_bot/build/cpp' returned '0': CMAKE_PREFIX_PATH=/opt/ros/humble /usr/bin/cmake /home/carl/nao_bot/src/cpp -DCMAKE_INSTALL_PREFIX=/home/carl/nao_bot/install/cpp
[1.877s] Invoking command in '/home/carl/nao_bot/build/cpp': CMAKE_PREFIX_PATH=/opt/ros/humble /usr/bin/cmake --build /home/carl/nao_bot/build/cpp -- -j12 -l12
[1.902s] Invoked command in '/home/carl/nao_bot/build/cpp' returned '0': CMAKE_PREFIX_PATH=/opt/ros/humble /usr/bin/cmake --build /home/carl/nao_bot/build/cpp -- -j12 -l12
[1.923s] Invoking command in '/home/carl/nao_bot/build/cpp': CMAKE_PREFIX_PATH=/opt/ros/humble /usr/bin/cmake --install /home/carl/nao_bot/build/cpp
[1.928s] -- Install configuration: ""
[1.928s] -- Installing: /home/carl/nao_bot/install/cpp/share/ament_index/resource_index/package_run_dependencies/cpp
[1.928s] -- Installing: /home/carl/nao_bot/install/cpp/share/ament_index/resource_index/parent_prefix_path/cpp
[1.928s] -- Installing: /home/carl/nao_bot/install/cpp/share/cpp/environment/ament_prefix_path.sh
[1.928s] -- Installing: /home/carl/nao_bot/install/cpp/share/cpp/environment/ament_prefix_path.dsv
[1.928s] -- Installing: /home/carl/nao_bot/install/cpp/share/cpp/environment/path.sh
[1.929s] -- Installing: /home/carl/nao_bot/install/cpp/share/cpp/environment/path.dsv
[1.929s] -- Installing: /home/carl/nao_bot/install/cpp/share/cpp/local_setup.bash
[1.929s] -- Installing: /home/carl/nao_bot/install/cpp/share/cpp/local_setup.sh
[1.929s] -- Installing: /home/carl/nao_bot/install/cpp/share/cpp/local_setup.zsh
[1.929s] -- Installing: /home/carl/nao_bot/install/cpp/share/cpp/local_setup.dsv
[1.929s] -- Installing: /home/carl/nao_bot/install/cpp/share/cpp/package.dsv
[1.929s] -- Installing: /home/carl/nao_bot/install/cpp/share/ament_index/resource_index/packages/cpp
[1.929s] -- Installing: /home/carl/nao_bot/install/cpp/share/cpp/cmake/cppConfig.cmake
[1.930s] -- Installing: /home/carl/nao_bot/install/cpp/share/cpp/cmake/cppConfig-version.cmake
[1.930s] -- Installing: /home/carl/nao_bot/install/cpp/share/cpp/package.xml
[1.932s] Invoked command in '/home/carl/nao_bot/build/cpp' returned '0': CMAKE_PREFIX_PATH=/opt/ros/humble /usr/bin/cmake --install /home/carl/nao_bot/build/cpp
