[0.013s] Invoking command in '/home/carl/nao_bot/build/cpp': CMAKE_PREFIX_PATH=/opt/ros/humble /usr/bin/cmake /home/carl/nao_bot/src/cpp -DCMAKE_INSTALL_PREFIX=/home/carl/nao_bot/install/cpp
[0.311s] -- The C compiler identification is GNU 11.2.0
[0.530s] -- The CXX compiler identification is GNU 11.2.0
[0.541s] -- Detecting C compiler ABI info
[0.600s] -- Detecting C compiler ABI info - done
[0.606s] -- Check for working C compiler: /usr/bin/cc - skipped
[0.607s] -- Detecting C compile features
[0.608s] -- Detecting C compile features - done
[0.611s] -- Detecting CXX compiler ABI info
[0.675s] -- Detecting CXX compiler ABI info - done
[0.684s] -- Check for working CXX compiler: /usr/bin/c++ - skipped
[0.684s] -- Detecting CXX compile features
[0.684s] -- Detecting CXX compile features - done
[0.688s] -- Found ament_cmake: 1.3.2 (/opt/ros/humble/share/ament_cmake/cmake)
[0.825s] -- Found Python3: /usr/bin/python3.10 (found version "3.10.6") found components: Interpreter 
[0.916s] -- Found ament_lint_auto: 0.12.4 (/opt/ros/humble/share/ament_lint_auto/cmake)
[0.984s] -- Added test 'lint_cmake' to check CMake code style
[0.986s] -- Added test 'xmllint' to check XML markup files
[0.987s] -- Configuring done
[0.989s] -- Generating done
[0.990s] -- Build files have been written to: /home/carl/nao_bot/build/cpp
