[0.012s] Invoking command in '/home/carl/nao_bot/build/naoqi_libqi': /usr/bin/cmake /home/carl/nao_bot/libqi -DCATKIN_INSTALL_INTO_PREFIX_ROOT=0 -DCMAKE_INSTALL_PREFIX=/home/carl/nao_bot/install/naoqi_libqi
[0.030s] [33mCMake Warning at CMakeLists.txt:7 (find_package):
[0.030s]   By not providing "Findcatkin.cmake" in CMAKE_MODULE_PATH this project has
[0.030s]   asked CMake to find a package configuration file provided by "catkin", but
[0.030s]   CMake did not find one.
[0.030s] 
[0.030s]   Could not find a package configuration file provided by "catkin" with any
[0.030s]   of the following names:
[0.030s] 
[0.030s]     catkinConfig.cmake
[0.030s]     catkin-config.cmake
[0.031s] 
[0.031s]   Add the installation prefix of "catkin" to CMAKE_PREFIX_PATH or set
[0.031s]   "catkin_DIR" to a directory containing one of the above files.  If "catkin"
[0.031s]   provides a separate development package or SDK, be sure it has been
[0.031s]   installed.
[0.031s] 
[0.031s] [0m
[0.034s] [31mCMake Error at CMakeLists.txt:10 (catkin_package):
[0.034s]   Unknown CMake command "catkin_package".
[0.034s] 
[0.034s] [0m
[0.034s] -- Configuring incomplete, errors occurred!
[0.035s] See also "/home/carl/nao_bot/build/naoqi_libqi/CMakeFiles/CMakeOutput.log".
[0.037s] Invoked command in '/home/carl/nao_bot/build/naoqi_libqi' returned '1': /usr/bin/cmake /home/carl/nao_bot/libqi -DCATKIN_INSTALL_INTO_PREFIX_ROOT=0 -DCMAKE_INSTALL_PREFIX=/home/carl/nao_bot/install/naoqi_libqi
