running egg_info
writing ../../build/py_demo/py_demo.egg-info/PKG-INFO
writing dependency_links to ../../build/py_demo/py_demo.egg-info/dependency_links.txt
writing entry points to ../../build/py_demo/py_demo.egg-info/entry_points.txt
writing requirements to ../../build/py_demo/py_demo.egg-info/requires.txt
writing top-level names to ../../build/py_demo/py_demo.egg-info/top_level.txt
reading manifest file '../../build/py_demo/py_demo.egg-info/SOURCES.txt'
writing manifest file '../../build/py_demo/py_demo.egg-info/SOURCES.txt'
running build
running build_py
copying py_demo/demo.py -> /home/carl/docker_nao/undergraduate-ros-project/build/py_demo/build/lib/py_demo
running install
/usr/lib/python3/dist-packages/setuptools/command/install.py:34: SetuptoolsDeprecationWarning: setup.py install is deprecated. Use build and pip and other standards-based tools.
  warnings.warn(
running install_lib
copying /home/carl/docker_nao/undergraduate-ros-project/build/py_demo/build/lib/py_demo/demo.py -> /home/carl/docker_nao/undergraduate-ros-project/install/py_demo/lib/python3.10/site-packages/py_demo
byte-compiling /home/carl/docker_nao/undergraduate-ros-project/install/py_demo/lib/python3.10/site-packages/py_demo/demo.py to demo.cpython-310.pyc
running install_data
running install_egg_info
removing '/home/carl/docker_nao/undergraduate-ros-project/install/py_demo/lib/python3.10/site-packages/py_demo-0.0.0-py3.10.egg-info' (and everything under it)
Copying ../../build/py_demo/py_demo.egg-info to /home/carl/docker_nao/undergraduate-ros-project/install/py_demo/lib/python3.10/site-packages/py_demo-0.0.0-py3.10.egg-info
running install_scripts
Installing demo script to /home/carl/docker_nao/undergraduate-ros-project/install/py_demo/lib/py_demo
writing list of installed files to '/home/carl/docker_nao/undergraduate-ros-project/build/py_demo/install.log'
