[0.463s] Invoking command in '/home/carl/docker_nao/undergraduate-ros-project/src/py_demo': PYTHONPATH=/home/carl/docker_nao/undergraduate-ros-project/install/py_demo/lib/python3.10/site-packages:${PYTHONPATH} /usr/bin/python3 setup.py egg_info --egg-base ../../build/py_demo build --build-base /home/carl/docker_nao/undergraduate-ros-project/build/py_demo/build install --prefix /home/carl/docker_nao/undergraduate-ros-project/install/py_demo --record /home/carl/docker_nao/undergraduate-ros-project/build/py_demo/install.log --single-version-externally-managed
[0.658s] running egg_info
[0.659s] writing ../../build/py_demo/py_demo.egg-info/PKG-INFO
[0.659s] writing dependency_links to ../../build/py_demo/py_demo.egg-info/dependency_links.txt
[0.659s] writing entry points to ../../build/py_demo/py_demo.egg-info/entry_points.txt
[0.659s] writing requirements to ../../build/py_demo/py_demo.egg-info/requires.txt
[0.659s] writing top-level names to ../../build/py_demo/py_demo.egg-info/top_level.txt
[0.660s] reading manifest file '../../build/py_demo/py_demo.egg-info/SOURCES.txt'
[0.661s] writing manifest file '../../build/py_demo/py_demo.egg-info/SOURCES.txt'
[0.661s] running build
[0.661s] running build_py
[0.661s] copying py_demo/demo.py -> /home/carl/docker_nao/undergraduate-ros-project/build/py_demo/build/lib/py_demo
[0.662s] running install
[0.662s] /usr/lib/python3/dist-packages/setuptools/command/install.py:34: SetuptoolsDeprecationWarning: setup.py install is deprecated. Use build and pip and other standards-based tools.
[0.662s]   warnings.warn(
[0.662s] running install_lib
[0.662s] copying /home/carl/docker_nao/undergraduate-ros-project/build/py_demo/build/lib/py_demo/demo.py -> /home/carl/docker_nao/undergraduate-ros-project/install/py_demo/lib/python3.10/site-packages/py_demo
[0.663s] byte-compiling /home/carl/docker_nao/undergraduate-ros-project/install/py_demo/lib/python3.10/site-packages/py_demo/demo.py to demo.cpython-310.pyc
[0.663s] running install_data
[0.664s] running install_egg_info
[0.665s] removing '/home/carl/docker_nao/undergraduate-ros-project/install/py_demo/lib/python3.10/site-packages/py_demo-0.0.0-py3.10.egg-info' (and everything under it)
[0.665s] Copying ../../build/py_demo/py_demo.egg-info to /home/carl/docker_nao/undergraduate-ros-project/install/py_demo/lib/python3.10/site-packages/py_demo-0.0.0-py3.10.egg-info
[0.665s] running install_scripts
[0.681s] Installing demo script to /home/carl/docker_nao/undergraduate-ros-project/install/py_demo/lib/py_demo
[0.681s] writing list of installed files to '/home/carl/docker_nao/undergraduate-ros-project/build/py_demo/install.log'
[0.697s] Invoked command in '/home/carl/docker_nao/undergraduate-ros-project/src/py_demo' returned '0': PYTHONPATH=/home/carl/docker_nao/undergraduate-ros-project/install/py_demo/lib/python3.10/site-packages:${PYTHONPATH} /usr/bin/python3 setup.py egg_info --egg-base ../../build/py_demo build --build-base /home/carl/docker_nao/undergraduate-ros-project/build/py_demo/build install --prefix /home/carl/docker_nao/undergraduate-ros-project/install/py_demo --record /home/carl/docker_nao/undergraduate-ros-project/build/py_demo/install.log --single-version-externally-managed
