[35m[1mConsolidate compiler generated dependencies of target listener[0m
[35m[1mConsolidate compiler generated dependencies of target demo[0m
[ 50%] Built target listener
[ 75%] [32mBuilding CXX object CMakeFiles/demo.dir/src/demo.cpp.o[0m
[100%] [32m[1mLinking CXX executable demo[0m
[100%] Built target demo
-- Install configuration: ""
-- Installing: /home/carl/docker_nao/undergraduate-ros-project/install/demo/lib/demo/demo
-- Set runtime path of "/home/carl/docker_nao/undergraduate-ros-project/install/demo/lib/demo/demo" to ""
-- Installing: /home/carl/docker_nao/undergraduate-ros-project/install/demo/lib/demo/listener
-- Set runtime path of "/home/carl/docker_nao/undergraduate-ros-project/install/demo/lib/demo/listener" to ""
-- Up-to-date: /home/carl/docker_nao/undergraduate-ros-project/install/demo/share/ament_index/resource_index/package_run_dependencies/demo
-- Up-to-date: /home/carl/docker_nao/undergraduate-ros-project/install/demo/share/ament_index/resource_index/parent_prefix_path/demo
-- Up-to-date: /home/carl/docker_nao/undergraduate-ros-project/install/demo/share/demo/environment/ament_prefix_path.sh
-- Installing: /home/carl/docker_nao/undergraduate-ros-project/install/demo/share/demo/environment/ament_prefix_path.dsv
-- Up-to-date: /home/carl/docker_nao/undergraduate-ros-project/install/demo/share/demo/environment/path.sh
-- Installing: /home/carl/docker_nao/undergraduate-ros-project/install/demo/share/demo/environment/path.dsv
-- Up-to-date: /home/carl/docker_nao/undergraduate-ros-project/install/demo/share/demo/local_setup.bash
-- Up-to-date: /home/carl/docker_nao/undergraduate-ros-project/install/demo/share/demo/local_setup.sh
-- Up-to-date: /home/carl/docker_nao/undergraduate-ros-project/install/demo/share/demo/local_setup.zsh
-- Installing: /home/carl/docker_nao/undergraduate-ros-project/install/demo/share/demo/local_setup.dsv
-- Installing: /home/carl/docker_nao/undergraduate-ros-project/install/demo/share/demo/package.dsv
-- Up-to-date: /home/carl/docker_nao/undergraduate-ros-project/install/demo/share/ament_index/resource_index/packages/demo
-- Up-to-date: /home/carl/docker_nao/undergraduate-ros-project/install/demo/share/demo/cmake/demoConfig.cmake
-- Up-to-date: /home/carl/docker_nao/undergraduate-ros-project/install/demo/share/demo/cmake/demoConfig-version.cmake
-- Up-to-date: /home/carl/docker_nao/undergraduate-ros-project/install/demo/share/demo/package.xml
