[0.028s] Invoking command in '/home/carl/docker_nao/undergraduate-ros-project/build/demo': CMAKE_PREFIX_PATH=/home/carl/docker_nao/undergraduate-ros-project/install/py_demo:/home/carl/docker_nao/undergraduate-ros-project/install/cpp:/opt/ros/humble /usr/bin/cmake /home/carl/docker_nao/undergraduate-ros-project/src/demo -DCMAKE_INSTALL_PREFIX=/home/carl/docker_nao/undergraduate-ros-project/install/demo
[0.487s] -- The C compiler identification is GNU 11.3.0
[0.676s] -- The CXX compiler identification is GNU 11.3.0
[0.722s] -- Detecting C compiler ABI info
[0.826s] -- Detecting C compiler ABI info - done
[0.835s] -- Check for working C compiler: /usr/bin/cc - skipped
[0.835s] -- Detecting C compile features
[0.839s] -- Detecting C compile features - done
[0.843s] -- Detecting CXX compiler ABI info
[0.902s] -- Detecting CXX compiler ABI info - done
[0.910s] -- Check for working CXX compiler: /usr/bin/c++ - skipped
[0.910s] -- Detecting CXX compile features
[0.910s] -- Detecting CXX compile features - done
[0.926s] -- Found ament_cmake: 1.3.2 (/opt/ros/humble/share/ament_cmake/cmake)
[1.082s] -- Found Python3: /usr/bin/python3.10 (found version "3.10.6") found components: Interpreter 
[1.259s] -- Found rclcpp: 16.0.1 (/opt/ros/humble/share/rclcpp/cmake)
[1.340s] -- Found rosidl_generator_c: 3.1.3 (/opt/ros/humble/share/rosidl_generator_c/cmake)
[1.346s] -- Found rosidl_adapter: 3.1.3 (/opt/ros/humble/share/rosidl_adapter/cmake)
[1.357s] -- Found rosidl_generator_cpp: 3.1.3 (/opt/ros/humble/share/rosidl_generator_cpp/cmake)
[1.378s] -- Using all available rosidl_typesupport_c: rosidl_typesupport_fastrtps_c;rosidl_typesupport_introspection_c
[1.401s] -- Using all available rosidl_typesupport_cpp: rosidl_typesupport_fastrtps_cpp;rosidl_typesupport_introspection_cpp
[1.477s] -- Found rmw_implementation_cmake: 6.1.0 (/opt/ros/humble/share/rmw_implementation_cmake/cmake)
[1.481s] -- Found rmw_fastrtps_cpp: 6.2.1 (/opt/ros/humble/share/rmw_fastrtps_cpp/cmake)
[1.595s] -- Found OpenSSL: /usr/lib/x86_64-linux-gnu/libcrypto.so (found version "3.0.2")  
[1.618s] -- Found FastRTPS: /opt/ros/humble/include  
[1.660s] -- Using RMW implementation 'rmw_fastrtps_cpp' as default
[1.859s] -- Found ament_lint_auto: 0.12.4 (/opt/ros/humble/share/ament_lint_auto/cmake)
[2.004s] -- Added test 'cppcheck' to perform static code analysis on C / C++ code
[2.004s] -- Configured cppcheck include dirs: 
[2.004s] -- Configured cppcheck exclude dirs and/or files: 
[2.007s] -- Added test 'lint_cmake' to check CMake code style
[2.013s] -- Added test 'uncrustify' to check C / C++ code style
[2.013s] -- Configured uncrustify additional arguments: 
[2.014s] -- Added test 'xmllint' to check XML markup files
[2.016s] -- Configuring done
[2.021s] -- Generating done
[2.022s] -- Build files have been written to: /home/carl/docker_nao/undergraduate-ros-project/build/demo
[2.031s] Invoked command in '/home/carl/docker_nao/undergraduate-ros-project/build/demo' returned '0': CMAKE_PREFIX_PATH=/home/carl/docker_nao/undergraduate-ros-project/install/py_demo:/home/carl/docker_nao/undergraduate-ros-project/install/cpp:/opt/ros/humble /usr/bin/cmake /home/carl/docker_nao/undergraduate-ros-project/src/demo -DCMAKE_INSTALL_PREFIX=/home/carl/docker_nao/undergraduate-ros-project/install/demo
[2.031s] Invoking command in '/home/carl/docker_nao/undergraduate-ros-project/build/demo': CMAKE_PREFIX_PATH=/home/carl/docker_nao/undergraduate-ros-project/install/py_demo:/home/carl/docker_nao/undergraduate-ros-project/install/cpp:/opt/ros/humble /usr/bin/cmake --build /home/carl/docker_nao/undergraduate-ros-project/build/demo -- -j12 -l12
[2.059s] Invoked command in '/home/carl/docker_nao/undergraduate-ros-project/build/demo' returned '0': CMAKE_PREFIX_PATH=/home/carl/docker_nao/undergraduate-ros-project/install/py_demo:/home/carl/docker_nao/undergraduate-ros-project/install/cpp:/opt/ros/humble /usr/bin/cmake --build /home/carl/docker_nao/undergraduate-ros-project/build/demo -- -j12 -l12
[2.081s] Invoking command in '/home/carl/docker_nao/undergraduate-ros-project/build/demo': CMAKE_PREFIX_PATH=/home/carl/docker_nao/undergraduate-ros-project/install/py_demo:/home/carl/docker_nao/undergraduate-ros-project/install/cpp:/opt/ros/humble /usr/bin/cmake --install /home/carl/docker_nao/undergraduate-ros-project/build/demo
[2.086s] -- Install configuration: ""
[2.086s] -- Installing: /home/carl/docker_nao/undergraduate-ros-project/install/demo/share/ament_index/resource_index/package_run_dependencies/demo
[2.086s] -- Installing: /home/carl/docker_nao/undergraduate-ros-project/install/demo/share/ament_index/resource_index/parent_prefix_path/demo
[2.086s] -- Installing: /home/carl/docker_nao/undergraduate-ros-project/install/demo/share/demo/environment/ament_prefix_path.sh
[2.086s] -- Installing: /home/carl/docker_nao/undergraduate-ros-project/install/demo/share/demo/environment/ament_prefix_path.dsv
[2.087s] -- Installing: /home/carl/docker_nao/undergraduate-ros-project/install/demo/share/demo/environment/path.sh
[2.087s] -- Installing: /home/carl/docker_nao/undergraduate-ros-project/install/demo/share/demo/environment/path.dsv
[2.087s] -- Installing: /home/carl/docker_nao/undergraduate-ros-project/install/demo/share/demo/local_setup.bash
[2.087s] -- Installing: /home/carl/docker_nao/undergraduate-ros-project/install/demo/share/demo/local_setup.sh
[2.087s] -- Installing: /home/carl/docker_nao/undergraduate-ros-project/install/demo/share/demo/local_setup.zsh
[2.087s] -- Installing: /home/carl/docker_nao/undergraduate-ros-project/install/demo/share/demo/local_setup.dsv
[2.087s] -- Installing: /home/carl/docker_nao/undergraduate-ros-project/install/demo/share/demo/package.dsv
[2.087s] -- Installing: /home/carl/docker_nao/undergraduate-ros-project/install/demo/share/ament_index/resource_index/packages/demo
[2.087s] -- Installing: /home/carl/docker_nao/undergraduate-ros-project/install/demo/share/demo/cmake/demoConfig.cmake
[2.087s] -- Installing: /home/carl/docker_nao/undergraduate-ros-project/install/demo/share/demo/cmake/demoConfig-version.cmake
[2.088s] -- Installing: /home/carl/docker_nao/undergraduate-ros-project/install/demo/share/demo/package.xml
[2.089s] Invoked command in '/home/carl/docker_nao/undergraduate-ros-project/build/demo' returned '0': CMAKE_PREFIX_PATH=/home/carl/docker_nao/undergraduate-ros-project/install/py_demo:/home/carl/docker_nao/undergraduate-ros-project/install/cpp:/opt/ros/humble /usr/bin/cmake --install /home/carl/docker_nao/undergraduate-ros-project/build/demo
