[0.245s] DEBUG:colcon:Command line arguments: ['/usr/bin/colcon', 'build']
[0.245s] DEBUG:colcon:Parsed command line arguments: Namespace(log_base=None, log_level=None, verb_name='build', build_base='build', install_base='install', merge_install=False, symlink_install=False, test_result_base=None, continue_on_error=False, executor='parallel', parallel_workers=12, event_handlers=None, ignore_user_meta=False, metas=['./colcon.meta'], base_paths=['.'], packages_ignore=None, packages_ignore_regex=None, paths=None, packages_up_to=None, packages_up_to_regex=None, packages_above=None, packages_above_and_dependencies=None, packages_above_depth=None, packages_select_by_dep=None, packages_skip_by_dep=None, packages_skip_up_to=None, packages_select_build_failed=False, packages_skip_build_finished=False, packages_select_test_failures=False, packages_skip_test_passed=False, packages_select=None, packages_skip=None, packages_select_regex=None, packages_skip_regex=None, packages_start=None, packages_end=None, allow_overriding=[], cmake_args=None, cmake_target=None, cmake_target_skip_unavailable=False, cmake_clean_cache=False, cmake_clean_first=False, cmake_force_configure=False, ament_cmake_args=None, catkin_cmake_args=None, catkin_skip_building_tests=False, verb_parser=<colcon_defaults.argument_parser.defaults.DefaultArgumentsDecorator object at 0x7f06fc048d90>, verb_extension=<colcon_core.verb.build.BuildVerb object at 0x7f06fc959b10>, main=<bound method BuildVerb.main of <colcon_core.verb.build.BuildVerb object at 0x7f06fc959b10>>)
[0.264s] Level 1:colcon.colcon_core.package_discovery:discover_packages(colcon_meta) check parameters
[0.264s] Level 1:colcon.colcon_core.package_discovery:discover_packages(recursive) check parameters
[0.264s] Level 1:colcon.colcon_core.package_discovery:discover_packages(ignore) check parameters
[0.264s] Level 1:colcon.colcon_core.package_discovery:discover_packages(path) check parameters
[0.264s] Level 1:colcon.colcon_core.package_discovery:discover_packages(colcon_meta) discover
[0.264s] Level 1:colcon.colcon_core.package_discovery:discover_packages(recursive) discover
[0.264s] INFO:colcon.colcon_core.package_discovery:Crawling recursively for packages in '/home/carl/nao_bot'
[0.264s] Level 1:colcon.colcon_core.package_identification:_identify(.) by extensions ['ignore', 'ignore_ament_install']
[0.264s] Level 1:colcon.colcon_core.package_identification:_identify(.) by extension 'ignore'
[0.265s] Level 1:colcon.colcon_core.package_identification:_identify(.) by extension 'ignore_ament_install'
[0.265s] Level 1:colcon.colcon_core.package_identification:_identify(.) by extensions ['colcon_pkg']
[0.265s] Level 1:colcon.colcon_core.package_identification:_identify(.) by extension 'colcon_pkg'
[0.265s] Level 1:colcon.colcon_core.package_identification:_identify(.) by extensions ['colcon_meta']
[0.265s] Level 1:colcon.colcon_core.package_identification:_identify(.) by extension 'colcon_meta'
[0.265s] Level 1:colcon.colcon_core.package_identification:_identify(.) by extensions ['ros']
[0.265s] Level 1:colcon.colcon_core.package_identification:_identify(.) by extension 'ros'
[0.280s] Level 1:colcon.colcon_core.package_identification:_identify(.) by extensions ['cmake', 'python']
[0.280s] Level 1:colcon.colcon_core.package_identification:_identify(.) by extension 'cmake'
[0.280s] Level 1:colcon.colcon_core.package_identification:_identify(.) by extension 'python'
[0.280s] Level 1:colcon.colcon_core.package_identification:_identify(.) by extensions ['python_setup_py']
[0.280s] Level 1:colcon.colcon_core.package_identification:_identify(.) by extension 'python_setup_py'
[0.281s] Level 1:colcon.colcon_core.package_identification:_identify(CMakeFiles) by extensions ['ignore', 'ignore_ament_install']
[0.281s] Level 1:colcon.colcon_core.package_identification:_identify(CMakeFiles) by extension 'ignore'
[0.281s] Level 1:colcon.colcon_core.package_identification:_identify(CMakeFiles) by extension 'ignore_ament_install'
[0.281s] Level 1:colcon.colcon_core.package_identification:_identify(CMakeFiles) by extensions ['colcon_pkg']
[0.281s] Level 1:colcon.colcon_core.package_identification:_identify(CMakeFiles) by extension 'colcon_pkg'
[0.281s] Level 1:colcon.colcon_core.package_identification:_identify(CMakeFiles) by extensions ['colcon_meta']
[0.281s] Level 1:colcon.colcon_core.package_identification:_identify(CMakeFiles) by extension 'colcon_meta'
[0.281s] Level 1:colcon.colcon_core.package_identification:_identify(CMakeFiles) by extensions ['ros']
[0.281s] Level 1:colcon.colcon_core.package_identification:_identify(CMakeFiles) by extension 'ros'
[0.281s] Level 1:colcon.colcon_core.package_identification:_identify(CMakeFiles) by extensions ['cmake', 'python']
[0.281s] Level 1:colcon.colcon_core.package_identification:_identify(CMakeFiles) by extension 'cmake'
[0.281s] Level 1:colcon.colcon_core.package_identification:_identify(CMakeFiles) by extension 'python'
[0.281s] Level 1:colcon.colcon_core.package_identification:_identify(CMakeFiles) by extensions ['python_setup_py']
[0.281s] Level 1:colcon.colcon_core.package_identification:_identify(CMakeFiles) by extension 'python_setup_py'
[0.281s] Level 1:colcon.colcon_core.package_identification:_identify(CMakeFiles/3.22.1) by extensions ['ignore', 'ignore_ament_install']
[0.281s] Level 1:colcon.colcon_core.package_identification:_identify(CMakeFiles/3.22.1) by extension 'ignore'
[0.281s] Level 1:colcon.colcon_core.package_identification:_identify(CMakeFiles/3.22.1) by extension 'ignore_ament_install'
[0.281s] Level 1:colcon.colcon_core.package_identification:_identify(CMakeFiles/3.22.1) by extensions ['colcon_pkg']
[0.281s] Level 1:colcon.colcon_core.package_identification:_identify(CMakeFiles/3.22.1) by extension 'colcon_pkg'
[0.281s] Level 1:colcon.colcon_core.package_identification:_identify(CMakeFiles/3.22.1) by extensions ['colcon_meta']
[0.281s] Level 1:colcon.colcon_core.package_identification:_identify(CMakeFiles/3.22.1) by extension 'colcon_meta'
[0.281s] Level 1:colcon.colcon_core.package_identification:_identify(CMakeFiles/3.22.1) by extensions ['ros']
[0.282s] Level 1:colcon.colcon_core.package_identification:_identify(CMakeFiles/3.22.1) by extension 'ros'
[0.282s] Level 1:colcon.colcon_core.package_identification:_identify(CMakeFiles/3.22.1) by extensions ['cmake', 'python']
[0.282s] Level 1:colcon.colcon_core.package_identification:_identify(CMakeFiles/3.22.1) by extension 'cmake'
[0.282s] Level 1:colcon.colcon_core.package_identification:_identify(CMakeFiles/3.22.1) by extension 'python'
[0.282s] Level 1:colcon.colcon_core.package_identification:_identify(CMakeFiles/3.22.1) by extensions ['python_setup_py']
[0.282s] Level 1:colcon.colcon_core.package_identification:_identify(CMakeFiles/3.22.1) by extension 'python_setup_py'
[0.282s] Level 1:colcon.colcon_core.package_identification:_identify(CMakeFiles/3.22.1/CompilerIdC) by extensions ['ignore', 'ignore_ament_install']
[0.282s] Level 1:colcon.colcon_core.package_identification:_identify(CMakeFiles/3.22.1/CompilerIdC) by extension 'ignore'
[0.282s] Level 1:colcon.colcon_core.package_identification:_identify(CMakeFiles/3.22.1/CompilerIdC) by extension 'ignore_ament_install'
[0.282s] Level 1:colcon.colcon_core.package_identification:_identify(CMakeFiles/3.22.1/CompilerIdC) by extensions ['colcon_pkg']
[0.282s] Level 1:colcon.colcon_core.package_identification:_identify(CMakeFiles/3.22.1/CompilerIdC) by extension 'colcon_pkg'
[0.282s] Level 1:colcon.colcon_core.package_identification:_identify(CMakeFiles/3.22.1/CompilerIdC) by extensions ['colcon_meta']
[0.282s] Level 1:colcon.colcon_core.package_identification:_identify(CMakeFiles/3.22.1/CompilerIdC) by extension 'colcon_meta'
[0.282s] Level 1:colcon.colcon_core.package_identification:_identify(CMakeFiles/3.22.1/CompilerIdC) by extensions ['ros']
[0.282s] Level 1:colcon.colcon_core.package_identification:_identify(CMakeFiles/3.22.1/CompilerIdC) by extension 'ros'
[0.282s] Level 1:colcon.colcon_core.package_identification:_identify(CMakeFiles/3.22.1/CompilerIdC) by extensions ['cmake', 'python']
[0.282s] Level 1:colcon.colcon_core.package_identification:_identify(CMakeFiles/3.22.1/CompilerIdC) by extension 'cmake'
[0.282s] Level 1:colcon.colcon_core.package_identification:_identify(CMakeFiles/3.22.1/CompilerIdC) by extension 'python'
[0.282s] Level 1:colcon.colcon_core.package_identification:_identify(CMakeFiles/3.22.1/CompilerIdC) by extensions ['python_setup_py']
[0.282s] Level 1:colcon.colcon_core.package_identification:_identify(CMakeFiles/3.22.1/CompilerIdC) by extension 'python_setup_py'
[0.283s] Level 1:colcon.colcon_core.package_identification:_identify(CMakeFiles/3.22.1/CompilerIdC/tmp) by extensions ['ignore', 'ignore_ament_install']
[0.283s] Level 1:colcon.colcon_core.package_identification:_identify(CMakeFiles/3.22.1/CompilerIdC/tmp) by extension 'ignore'
[0.283s] Level 1:colcon.colcon_core.package_identification:_identify(CMakeFiles/3.22.1/CompilerIdC/tmp) by extension 'ignore_ament_install'
[0.283s] Level 1:colcon.colcon_core.package_identification:_identify(CMakeFiles/3.22.1/CompilerIdC/tmp) by extensions ['colcon_pkg']
[0.283s] Level 1:colcon.colcon_core.package_identification:_identify(CMakeFiles/3.22.1/CompilerIdC/tmp) by extension 'colcon_pkg'
[0.283s] Level 1:colcon.colcon_core.package_identification:_identify(CMakeFiles/3.22.1/CompilerIdC/tmp) by extensions ['colcon_meta']
[0.283s] Level 1:colcon.colcon_core.package_identification:_identify(CMakeFiles/3.22.1/CompilerIdC/tmp) by extension 'colcon_meta'
[0.283s] Level 1:colcon.colcon_core.package_identification:_identify(CMakeFiles/3.22.1/CompilerIdC/tmp) by extensions ['ros']
[0.283s] Level 1:colcon.colcon_core.package_identification:_identify(CMakeFiles/3.22.1/CompilerIdC/tmp) by extension 'ros'
[0.283s] Level 1:colcon.colcon_core.package_identification:_identify(CMakeFiles/3.22.1/CompilerIdC/tmp) by extensions ['cmake', 'python']
[0.283s] Level 1:colcon.colcon_core.package_identification:_identify(CMakeFiles/3.22.1/CompilerIdC/tmp) by extension 'cmake'
[0.283s] Level 1:colcon.colcon_core.package_identification:_identify(CMakeFiles/3.22.1/CompilerIdC/tmp) by extension 'python'
[0.283s] Level 1:colcon.colcon_core.package_identification:_identify(CMakeFiles/3.22.1/CompilerIdC/tmp) by extensions ['python_setup_py']
[0.283s] Level 1:colcon.colcon_core.package_identification:_identify(CMakeFiles/3.22.1/CompilerIdC/tmp) by extension 'python_setup_py'
[0.283s] Level 1:colcon.colcon_core.package_identification:_identify(CMakeFiles/3.22.1/CompilerIdCXX) by extensions ['ignore', 'ignore_ament_install']
[0.283s] Level 1:colcon.colcon_core.package_identification:_identify(CMakeFiles/3.22.1/CompilerIdCXX) by extension 'ignore'
[0.283s] Level 1:colcon.colcon_core.package_identification:_identify(CMakeFiles/3.22.1/CompilerIdCXX) by extension 'ignore_ament_install'
[0.283s] Level 1:colcon.colcon_core.package_identification:_identify(CMakeFiles/3.22.1/CompilerIdCXX) by extensions ['colcon_pkg']
[0.283s] Level 1:colcon.colcon_core.package_identification:_identify(CMakeFiles/3.22.1/CompilerIdCXX) by extension 'colcon_pkg'
[0.283s] Level 1:colcon.colcon_core.package_identification:_identify(CMakeFiles/3.22.1/CompilerIdCXX) by extensions ['colcon_meta']
[0.283s] Level 1:colcon.colcon_core.package_identification:_identify(CMakeFiles/3.22.1/CompilerIdCXX) by extension 'colcon_meta'
[0.283s] Level 1:colcon.colcon_core.package_identification:_identify(CMakeFiles/3.22.1/CompilerIdCXX) by extensions ['ros']
[0.283s] Level 1:colcon.colcon_core.package_identification:_identify(CMakeFiles/3.22.1/CompilerIdCXX) by extension 'ros'
[0.284s] Level 1:colcon.colcon_core.package_identification:_identify(CMakeFiles/3.22.1/CompilerIdCXX) by extensions ['cmake', 'python']
[0.284s] Level 1:colcon.colcon_core.package_identification:_identify(CMakeFiles/3.22.1/CompilerIdCXX) by extension 'cmake'
[0.284s] Level 1:colcon.colcon_core.package_identification:_identify(CMakeFiles/3.22.1/CompilerIdCXX) by extension 'python'
[0.284s] Level 1:colcon.colcon_core.package_identification:_identify(CMakeFiles/3.22.1/CompilerIdCXX) by extensions ['python_setup_py']
[0.284s] Level 1:colcon.colcon_core.package_identification:_identify(CMakeFiles/3.22.1/CompilerIdCXX) by extension 'python_setup_py'
[0.284s] Level 1:colcon.colcon_core.package_identification:_identify(CMakeFiles/3.22.1/CompilerIdCXX/tmp) by extensions ['ignore', 'ignore_ament_install']
[0.284s] Level 1:colcon.colcon_core.package_identification:_identify(CMakeFiles/3.22.1/CompilerIdCXX/tmp) by extension 'ignore'
[0.284s] Level 1:colcon.colcon_core.package_identification:_identify(CMakeFiles/3.22.1/CompilerIdCXX/tmp) by extension 'ignore_ament_install'
[0.284s] Level 1:colcon.colcon_core.package_identification:_identify(CMakeFiles/3.22.1/CompilerIdCXX/tmp) by extensions ['colcon_pkg']
[0.284s] Level 1:colcon.colcon_core.package_identification:_identify(CMakeFiles/3.22.1/CompilerIdCXX/tmp) by extension 'colcon_pkg'
[0.284s] Level 1:colcon.colcon_core.package_identification:_identify(CMakeFiles/3.22.1/CompilerIdCXX/tmp) by extensions ['colcon_meta']
[0.284s] Level 1:colcon.colcon_core.package_identification:_identify(CMakeFiles/3.22.1/CompilerIdCXX/tmp) by extension 'colcon_meta'
[0.284s] Level 1:colcon.colcon_core.package_identification:_identify(CMakeFiles/3.22.1/CompilerIdCXX/tmp) by extensions ['ros']
[0.284s] Level 1:colcon.colcon_core.package_identification:_identify(CMakeFiles/3.22.1/CompilerIdCXX/tmp) by extension 'ros'
[0.284s] Level 1:colcon.colcon_core.package_identification:_identify(CMakeFiles/3.22.1/CompilerIdCXX/tmp) by extensions ['cmake', 'python']
[0.284s] Level 1:colcon.colcon_core.package_identification:_identify(CMakeFiles/3.22.1/CompilerIdCXX/tmp) by extension 'cmake'
[0.284s] Level 1:colcon.colcon_core.package_identification:_identify(CMakeFiles/3.22.1/CompilerIdCXX/tmp) by extension 'python'
[0.284s] Level 1:colcon.colcon_core.package_identification:_identify(CMakeFiles/3.22.1/CompilerIdCXX/tmp) by extensions ['python_setup_py']
[0.284s] Level 1:colcon.colcon_core.package_identification:_identify(CMakeFiles/3.22.1/CompilerIdCXX/tmp) by extension 'python_setup_py'
[0.284s] Level 1:colcon.colcon_core.package_identification:_identify(CMakeFiles/CMakeTmp) by extensions ['ignore', 'ignore_ament_install']
[0.284s] Level 1:colcon.colcon_core.package_identification:_identify(CMakeFiles/CMakeTmp) by extension 'ignore'
[0.284s] Level 1:colcon.colcon_core.package_identification:_identify(CMakeFiles/CMakeTmp) by extension 'ignore_ament_install'
[0.284s] Level 1:colcon.colcon_core.package_identification:_identify(CMakeFiles/CMakeTmp) by extensions ['colcon_pkg']
[0.285s] Level 1:colcon.colcon_core.package_identification:_identify(CMakeFiles/CMakeTmp) by extension 'colcon_pkg'
[0.285s] Level 1:colcon.colcon_core.package_identification:_identify(CMakeFiles/CMakeTmp) by extensions ['colcon_meta']
[0.285s] Level 1:colcon.colcon_core.package_identification:_identify(CMakeFiles/CMakeTmp) by extension 'colcon_meta'
[0.285s] Level 1:colcon.colcon_core.package_identification:_identify(CMakeFiles/CMakeTmp) by extensions ['ros']
[0.285s] Level 1:colcon.colcon_core.package_identification:_identify(CMakeFiles/CMakeTmp) by extension 'ros'
[0.285s] Level 1:colcon.colcon_core.package_identification:_identify(CMakeFiles/CMakeTmp) by extensions ['cmake', 'python']
[0.285s] Level 1:colcon.colcon_core.package_identification:_identify(CMakeFiles/CMakeTmp) by extension 'cmake'
[0.285s] Level 1:colcon.colcon_core.package_identification:_identify(CMakeFiles/CMakeTmp) by extension 'python'
[0.285s] Level 1:colcon.colcon_core.package_identification:_identify(CMakeFiles/CMakeTmp) by extensions ['python_setup_py']
[0.285s] Level 1:colcon.colcon_core.package_identification:_identify(CMakeFiles/CMakeTmp) by extension 'python_setup_py'
[0.285s] Level 1:colcon.colcon_core.package_identification:_identify(build) by extensions ['ignore', 'ignore_ament_install']
[0.285s] Level 1:colcon.colcon_core.package_identification:_identify(build) by extension 'ignore'
[0.285s] Level 1:colcon.colcon_core.package_identification:_identify(build) ignored
[0.285s] Level 1:colcon.colcon_core.package_identification:_identify(install) by extensions ['ignore', 'ignore_ament_install']
[0.285s] Level 1:colcon.colcon_core.package_identification:_identify(install) by extension 'ignore'
[0.285s] Level 1:colcon.colcon_core.package_identification:_identify(install) ignored
[0.285s] Level 1:colcon.colcon_core.package_identification:_identify(libqi) by extensions ['ignore', 'ignore_ament_install']
[0.285s] Level 1:colcon.colcon_core.package_identification:_identify(libqi) by extension 'ignore'
[0.285s] Level 1:colcon.colcon_core.package_identification:_identify(libqi) by extension 'ignore_ament_install'
[0.285s] Level 1:colcon.colcon_core.package_identification:_identify(libqi) by extensions ['colcon_pkg']
[0.286s] Level 1:colcon.colcon_core.package_identification:_identify(libqi) by extension 'colcon_pkg'
[0.286s] Level 1:colcon.colcon_core.package_identification:_identify(libqi) by extensions ['colcon_meta']
[0.286s] Level 1:colcon.colcon_core.package_identification:_identify(libqi) by extension 'colcon_meta'
[0.286s] Level 1:colcon.colcon_core.package_identification:_identify(libqi) by extensions ['ros']
[0.286s] Level 1:colcon.colcon_core.package_identification:_identify(libqi) by extension 'ros'
[0.288s] DEBUG:colcon.colcon_core.package_identification:Package 'libqi' with type 'ros.catkin' and name 'naoqi_libqi'
[0.288s] Level 1:colcon.colcon_core.package_identification:_identify(log) by extensions ['ignore', 'ignore_ament_install']
[0.288s] Level 1:colcon.colcon_core.package_identification:_identify(log) by extension 'ignore'
[0.288s] Level 1:colcon.colcon_core.package_identification:_identify(log) ignored
[0.288s] Level 1:colcon.colcon_core.package_identification:_identify(src) by extensions ['ignore', 'ignore_ament_install']
[0.288s] Level 1:colcon.colcon_core.package_identification:_identify(src) by extension 'ignore'
[0.288s] Level 1:colcon.colcon_core.package_identification:_identify(src) by extension 'ignore_ament_install'
[0.288s] Level 1:colcon.colcon_core.package_identification:_identify(src) by extensions ['colcon_pkg']
[0.288s] Level 1:colcon.colcon_core.package_identification:_identify(src) by extension 'colcon_pkg'
[0.288s] Level 1:colcon.colcon_core.package_identification:_identify(src) by extensions ['colcon_meta']
[0.288s] Level 1:colcon.colcon_core.package_identification:_identify(src) by extension 'colcon_meta'
[0.288s] Level 1:colcon.colcon_core.package_identification:_identify(src) by extensions ['ros']
[0.288s] Level 1:colcon.colcon_core.package_identification:_identify(src) by extension 'ros'
[0.288s] Level 1:colcon.colcon_core.package_identification:_identify(src) by extensions ['cmake', 'python']
[0.288s] Level 1:colcon.colcon_core.package_identification:_identify(src) by extension 'cmake'
[0.288s] Level 1:colcon.colcon_core.package_identification:_identify(src) by extension 'python'
[0.288s] Level 1:colcon.colcon_core.package_identification:_identify(src) by extensions ['python_setup_py']
[0.288s] Level 1:colcon.colcon_core.package_identification:_identify(src) by extension 'python_setup_py'
[0.289s] Level 1:colcon.colcon_core.package_identification:_identify(src/cpp) by extensions ['ignore', 'ignore_ament_install']
[0.289s] Level 1:colcon.colcon_core.package_identification:_identify(src/cpp) by extension 'ignore'
[0.289s] Level 1:colcon.colcon_core.package_identification:_identify(src/cpp) by extension 'ignore_ament_install'
[0.289s] Level 1:colcon.colcon_core.package_identification:_identify(src/cpp) by extensions ['colcon_pkg']
[0.289s] Level 1:colcon.colcon_core.package_identification:_identify(src/cpp) by extension 'colcon_pkg'
[0.289s] Level 1:colcon.colcon_core.package_identification:_identify(src/cpp) by extensions ['colcon_meta']
[0.289s] Level 1:colcon.colcon_core.package_identification:_identify(src/cpp) by extension 'colcon_meta'
[0.289s] Level 1:colcon.colcon_core.package_identification:_identify(src/cpp) by extensions ['ros']
[0.289s] Level 1:colcon.colcon_core.package_identification:_identify(src/cpp) by extension 'ros'
[0.289s] DEBUG:colcon.colcon_core.package_identification:Package 'src/cpp' with type 'ros.ament_cmake' and name 'cpp'
[0.289s] Level 1:colcon.colcon_core.package_discovery:discover_packages(recursive) using defaults
[0.289s] Level 1:colcon.colcon_core.package_discovery:discover_packages(ignore) discover
[0.289s] Level 1:colcon.colcon_core.package_discovery:discover_packages(ignore) using defaults
[0.289s] Level 1:colcon.colcon_core.package_discovery:discover_packages(path) discover
[0.289s] Level 1:colcon.colcon_core.package_discovery:discover_packages(path) using defaults
[0.309s] Level 1:colcon.colcon_core.package_discovery:discover_packages(prefix_path) check parameters
[0.309s] Level 1:colcon.colcon_core.package_discovery:discover_packages(prefix_path) discover
[0.311s] DEBUG:colcon.colcon_installed_package_information.package_discovery:Found 281 installed packages in /opt/ros/humble
[0.313s] Level 1:colcon.colcon_core.package_discovery:discover_packages(prefix_path) using defaults
[0.365s] Level 5:colcon.colcon_core.verb:set package 'cpp' build argument 'cmake_args' from command line to 'None'
[0.365s] Level 5:colcon.colcon_core.verb:set package 'cpp' build argument 'cmake_target' from command line to 'None'
[0.365s] Level 5:colcon.colcon_core.verb:set package 'cpp' build argument 'cmake_target_skip_unavailable' from command line to 'False'
[0.365s] Level 5:colcon.colcon_core.verb:set package 'cpp' build argument 'cmake_clean_cache' from command line to 'False'
[0.365s] Level 5:colcon.colcon_core.verb:set package 'cpp' build argument 'cmake_clean_first' from command line to 'False'
[0.365s] Level 5:colcon.colcon_core.verb:set package 'cpp' build argument 'cmake_force_configure' from command line to 'False'
[0.365s] Level 5:colcon.colcon_core.verb:set package 'cpp' build argument 'ament_cmake_args' from command line to 'None'
[0.365s] Level 5:colcon.colcon_core.verb:set package 'cpp' build argument 'catkin_cmake_args' from command line to 'None'
[0.365s] Level 5:colcon.colcon_core.verb:set package 'cpp' build argument 'catkin_skip_building_tests' from command line to 'False'
[0.365s] DEBUG:colcon.colcon_core.verb:Building package 'cpp' with the following arguments: {'ament_cmake_args': None, 'build_base': '/home/carl/nao_bot/build/cpp', 'catkin_cmake_args': None, 'catkin_skip_building_tests': False, 'cmake_args': None, 'cmake_clean_cache': False, 'cmake_clean_first': False, 'cmake_force_configure': False, 'cmake_target': None, 'cmake_target_skip_unavailable': False, 'install_base': '/home/carl/nao_bot/install/cpp', 'merge_install': False, 'path': '/home/carl/nao_bot/src/cpp', 'symlink_install': False, 'test_result_base': None}
[0.366s] Level 5:colcon.colcon_core.verb:set package 'naoqi_libqi' build argument 'cmake_args' from command line to 'None'
[0.366s] Level 5:colcon.colcon_core.verb:set package 'naoqi_libqi' build argument 'cmake_target' from command line to 'None'
[0.366s] Level 5:colcon.colcon_core.verb:set package 'naoqi_libqi' build argument 'cmake_target_skip_unavailable' from command line to 'False'
[0.366s] Level 5:colcon.colcon_core.verb:set package 'naoqi_libqi' build argument 'cmake_clean_cache' from command line to 'False'
[0.366s] Level 5:colcon.colcon_core.verb:set package 'naoqi_libqi' build argument 'cmake_clean_first' from command line to 'False'
[0.366s] Level 5:colcon.colcon_core.verb:set package 'naoqi_libqi' build argument 'cmake_force_configure' from command line to 'False'
[0.366s] Level 5:colcon.colcon_core.verb:set package 'naoqi_libqi' build argument 'ament_cmake_args' from command line to 'None'
[0.366s] Level 5:colcon.colcon_core.verb:set package 'naoqi_libqi' build argument 'catkin_cmake_args' from command line to 'None'
[0.366s] Level 5:colcon.colcon_core.verb:set package 'naoqi_libqi' build argument 'catkin_skip_building_tests' from command line to 'False'
[0.366s] DEBUG:colcon.colcon_core.verb:Building package 'naoqi_libqi' with the following arguments: {'ament_cmake_args': None, 'build_base': '/home/carl/nao_bot/build/naoqi_libqi', 'catkin_cmake_args': None, 'catkin_skip_building_tests': False, 'cmake_args': None, 'cmake_clean_cache': False, 'cmake_clean_first': False, 'cmake_force_configure': False, 'cmake_target': None, 'cmake_target_skip_unavailable': False, 'install_base': '/home/carl/nao_bot/install/naoqi_libqi', 'merge_install': False, 'path': '/home/carl/nao_bot/libqi', 'symlink_install': False, 'test_result_base': None}
[0.366s] INFO:colcon.colcon_core.executor:Executing jobs using 'parallel' executor
[0.369s] DEBUG:colcon.colcon_parallel_executor.executor.parallel:run_until_complete
[0.370s] INFO:colcon.colcon_ros.task.ament_cmake.build:Building ROS package in '/home/carl/nao_bot/src/cpp' with build type 'ament_cmake'
[0.370s] INFO:colcon.colcon_cmake.task.cmake.build:Building CMake package in '/home/carl/nao_bot/src/cpp'
[0.373s] INFO:colcon.colcon_core.plugin_system:Skipping extension 'colcon_core.shell.bat': Not used on non-Windows systems
[0.373s] INFO:colcon.colcon_core.shell:Skip shell extension 'powershell' for command environment: Not usable outside of PowerShell
[0.373s] DEBUG:colcon.colcon_core.shell:Skip shell extension 'dsv' for command environment
[0.413s] INFO:colcon.colcon_ros.task.catkin.build:Building ROS package in '/home/carl/nao_bot/libqi' with build type 'catkin'
[0.414s] INFO:colcon.colcon_cmake.task.cmake.build:Building CMake package in '/home/carl/nao_bot/libqi'
[0.418s] INFO:colcon.colcon_core.shell:Skip shell extension 'powershell' for command environment: Not usable outside of PowerShell
[0.418s] DEBUG:colcon.colcon_core.shell:Skip shell extension 'dsv' for command environment
[0.516s] DEBUG:colcon.colcon_core.event_handler.log_command:Invoking command in '/home/carl/nao_bot/build/cpp': CMAKE_PREFIX_PATH=/opt/ros/humble /usr/bin/cmake --build /home/carl/nao_bot/build/cpp -- -j12 -l12
[0.530s] DEBUG:colcon.colcon_core.event_handler.log_command:Invoking command in '/home/carl/nao_bot/build/naoqi_libqi': /usr/bin/cmake /home/carl/nao_bot/libqi -DCATKIN_INSTALL_INTO_PREFIX_ROOT=0 -DCMAKE_INSTALL_PREFIX=/home/carl/nao_bot/install/naoqi_libqi
[0.584s] DEBUG:colcon.colcon_core.event_handler.log_command:Invoked command in '/home/carl/nao_bot/build/cpp' returned '0': CMAKE_PREFIX_PATH=/opt/ros/humble /usr/bin/cmake --build /home/carl/nao_bot/build/cpp -- -j12 -l12
[0.585s] DEBUG:colcon.colcon_core.event_handler.log_command:Invoked command in '/home/carl/nao_bot/build/naoqi_libqi' returned '1': /usr/bin/cmake /home/carl/nao_bot/libqi -DCATKIN_INSTALL_INTO_PREFIX_ROOT=0 -DCMAKE_INSTALL_PREFIX=/home/carl/nao_bot/install/naoqi_libqi
[0.593s] Level 1:colcon.colcon_core.environment:create_environment_scripts_only(naoqi_libqi)
[0.598s] Level 1:colcon.colcon_core.environment:checking '/home/carl/nao_bot/install/naoqi_libqi' for CMake module files
[0.599s] Level 1:colcon.colcon_core.environment:checking '/home/carl/nao_bot/install/naoqi_libqi' for CMake config files
[0.599s] Level 1:colcon.colcon_core.environment:checking '/home/carl/nao_bot/install/naoqi_libqi/bin'
[0.599s] Level 1:colcon.colcon_core.environment:checking '/home/carl/nao_bot/install/naoqi_libqi/lib/pkgconfig/naoqi_libqi.pc'
[0.599s] Level 1:colcon.colcon_core.environment:checking '/home/carl/nao_bot/install/naoqi_libqi/lib/python3.10/site-packages'
[0.600s] Level 1:colcon.colcon_core.environment:checking '/home/carl/nao_bot/install/naoqi_libqi/bin'
[0.601s] INFO:colcon.colcon_core.shell:Creating package script '/home/carl/nao_bot/install/naoqi_libqi/share/naoqi_libqi/package.ps1'
[0.601s] INFO:colcon.colcon_core.shell:Creating package descriptor '/home/carl/nao_bot/install/naoqi_libqi/share/naoqi_libqi/package.dsv'
[0.602s] INFO:colcon.colcon_core.shell:Creating package script '/home/carl/nao_bot/install/naoqi_libqi/share/naoqi_libqi/package.sh'
[0.602s] INFO:colcon.colcon_core.shell:Creating package script '/home/carl/nao_bot/install/naoqi_libqi/share/naoqi_libqi/package.bash'
[0.603s] INFO:colcon.colcon_core.shell:Creating package script '/home/carl/nao_bot/install/naoqi_libqi/share/naoqi_libqi/package.zsh'
[0.603s] Level 1:colcon.colcon_core.environment:create_file_with_runtime_dependencies(/home/carl/nao_bot/install/naoqi_libqi/share/colcon-core/packages/naoqi_libqi)
[0.614s] DEBUG:colcon.colcon_parallel_executor.executor.parallel:closing loop
[0.614s] DEBUG:colcon.colcon_parallel_executor.executor.parallel:loop closed
[0.614s] DEBUG:colcon.colcon_parallel_executor.executor.parallel:run_until_complete finished with '1'
[0.614s] DEBUG:colcon.colcon_core.event_reactor:joining thread
[0.619s] INFO:colcon.colcon_core.plugin_system:Skipping extension 'colcon_notification.desktop_notification.terminal_notifier': Not used on non-Darwin systems
[0.619s] INFO:colcon.colcon_core.plugin_system:Skipping extension 'colcon_notification.desktop_notification.win32': Not used on non-Windows systems
[0.620s] INFO:colcon.colcon_notification.desktop_notification:Sending desktop notification using 'notify2'
[0.629s] DEBUG:colcon.colcon_core.event_reactor:joined thread
[0.630s] INFO:colcon.colcon_core.shell:Creating prefix script '/home/carl/nao_bot/install/local_setup.ps1'
[0.631s] INFO:colcon.colcon_core.shell:Creating prefix util module '/home/carl/nao_bot/install/_local_setup_util_ps1.py'
[0.632s] INFO:colcon.colcon_core.shell:Creating prefix chain script '/home/carl/nao_bot/install/setup.ps1'
[0.633s] INFO:colcon.colcon_core.shell:Creating prefix script '/home/carl/nao_bot/install/local_setup.sh'
[0.634s] INFO:colcon.colcon_core.shell:Creating prefix util module '/home/carl/nao_bot/install/_local_setup_util_sh.py'
[0.634s] INFO:colcon.colcon_core.shell:Creating prefix chain script '/home/carl/nao_bot/install/setup.sh'
[0.635s] INFO:colcon.colcon_core.shell:Creating prefix script '/home/carl/nao_bot/install/local_setup.bash'
[0.636s] INFO:colcon.colcon_core.shell:Creating prefix chain script '/home/carl/nao_bot/install/setup.bash'
[0.637s] INFO:colcon.colcon_core.shell:Creating prefix script '/home/carl/nao_bot/install/local_setup.zsh'
[0.637s] INFO:colcon.colcon_core.shell:Creating prefix chain script '/home/carl/nao_bot/install/setup.zsh'
